#
# There is insufficient memory for the Java Runtime Environment to continue.
# Native memory allocation (malloc) failed to allocate 554576 bytes for Chunk::new
# Possible reasons:
#   The system is out of physical RAM or swap space
#   The process is running with CompressedOops enabled, and the Java Heap may be blocking the growth of the native heap
# Possible solutions:
#   Reduce memory load on the system
#   Increase physical memory or swap space
#   Check if swap backing store is full
#   Decrease Java heap size (-Xmx/-Xms)
#   Decrease number of Java threads
#   Decrease Java thread stack sizes (-Xss)
#   Set larger code cache with -XX:ReservedCodeCacheSize=
#   JVM is running with Unscaled Compressed Oops mode in which the Java heap is
#     placed in the first 4GB address space. The Java Heap base address is the
#     maximum limit for the native heap growth. Please use -XX:HeapBaseMinAddress
#     to set the Java Heap base and to place the Java Heap above 4GB virtual address.
# This output file may be truncated or incomplete.
#
#  Out of Memory Error (./src/hotspot/share/memory/arena.cpp:197), pid=6148, tid=15724
#
# JRE version: OpenJDK Runtime Environment (11.0.12+7) (build 11.0.12+7-b1504.28-7817840)
# Java VM: OpenJDK 64-Bit Server VM (11.0.12+7-b1504.28-7817840, mixed mode, tiered, compressed oops, g1 gc, windows-amd64)
# No core dump will be written. Minidumps are not enabled by default on client versions of Windows
#

---------------  S U M M A R Y ------------

Command Line: --add-opens=java.base/java.util=ALL-UNNAMED --add-opens=java.base/java.lang=ALL-UNNAMED --add-opens=java.base/java.lang.invoke=ALL-UNNAMED --add-opens=java.base/java.util=ALL-UNNAMED --add-opens=java.prefs/java.util.prefs=ALL-UNNAMED --add-opens=java.prefs/java.util.prefs=ALL-UNNAMED --add-opens=java.base/java.nio.charset=ALL-UNNAMED --add-opens=java.base/java.net=ALL-UNNAMED --add-opens=java.base/java.util.concurrent.atomic=ALL-UNNAMED -Xmx2048m -Dfile.encoding=UTF-8 -Duser.country=US -Duser.language=en -Duser.variant org.gradle.launcher.daemon.bootstrap.GradleDaemon 7.3.3

Host: 11th Gen Intel(R) Core(TM) i5-1135G7 @ 2.40GHz, 8 cores, 7G,  Windows 10 , 64 bit Build 22000 (10.0.22000.708)
Time: Thu Sep  8 06:32:48 2022 Bangladesh Standard Time elapsed time: 858.982462 seconds (0d 0h 14m 18s)

---------------  T H R E A D  ---------------

Current thread (0x0000016dda688000):  JavaThread "C2 CompilerThread0" daemon [_thread_in_native, id=15724, stack(0x0000000dddc00000,0x0000000dddd00000)]


Current CompileTask:
C2: 858983 15104   !   4       org.apache.xerces.impl.XMLDocumentFragmentScannerImpl$FragmentContentDispatcher::dispatch (1128 bytes)

Stack: [0x0000000dddc00000,0x0000000dddd00000]
Native frames: (J=compiled Java code, j=interpreted, Vv=VM code, C=native code)
V  [jvm.dll+0x5fbcea]
V  [jvm.dll+0x731905]
V  [jvm.dll+0x732f1d]
V  [jvm.dll+0x7335d3]
V  [jvm.dll+0x247bf8]
V  [jvm.dll+0xc018c]
V  [jvm.dll+0xc06cc]
V  [jvm.dll+0x35b2db]
V  [jvm.dll+0x328803]
V  [jvm.dll+0x327cfa]
V  [jvm.dll+0x200602]
V  [jvm.dll+0x1ff794]
V  [jvm.dll+0x18868c]
V  [jvm.dll+0x20e0d7]
V  [jvm.dll+0x20c901]
V  [jvm.dll+0x6f9b7f]
V  [jvm.dll+0x6f26a5]
V  [jvm.dll+0x5fabf6]
C  [ucrtbase.dll+0x26c0c]
C  [KERNEL32.DLL+0x154e0]
C  [ntdll.dll+0x485b]


---------------  P R O C E S S  ---------------

Threads class SMR info:
_java_thread_list=0x0000016de2738b60, length=136, elements={
0x0000016dbf86d800, 0x0000016dd9d08000, 0x0000016dd9d13000, 0x0000016dda684800,
0x0000016dda685800, 0x0000016dda687000, 0x0000016dda688000, 0x0000016dda68e800,
0x0000016dd9d30800, 0x0000016dda7e0000, 0x0000016ddba93800, 0x0000016ddbcf6800,
0x0000016ddbea8000, 0x0000016ddc609800, 0x0000016ddc60c800, 0x0000016ddc60d800,
0x0000016ddc610000, 0x0000016ddc60b000, 0x0000016ddee3e000, 0x0000016ddee40800,
0x0000016ddee42000, 0x0000016ddee46800, 0x0000016ddee49000, 0x0000016ddf6d8000,
0x0000016de0a9a800, 0x0000016de0a9a000, 0x0000016de0a99000, 0x0000016de0a9b800,
0x0000016de0a9c800, 0x0000016de0a98000, 0x0000016de0aa6000, 0x0000016ddf6cd000,
0x0000016ddf6cb000, 0x0000016ddf6ce000, 0x0000016ddf6cf000, 0x0000016ddf6c9000,
0x0000016ddf6cf800, 0x0000016ddf6ca000, 0x0000016ddf6d0800, 0x0000016ddf6d1800,
0x0000016ddf6cb800, 0x0000016ddf6d2000, 0x0000016ddf6cc800, 0x0000016ddf6d3000,
0x0000016ddf6d6000, 0x0000016ddf6d7000, 0x0000016ddf6d4000, 0x0000016ddf6d4800,
0x0000016ddf6d5800, 0x0000016de0aa3800, 0x0000016de0a9f800, 0x0000016de0a9e000,
0x0000016de0aa0800, 0x0000016de0aa3000, 0x0000016de0aa4800, 0x0000016de0aa1000,
0x0000016de0aa2000, 0x0000016de0a9e800, 0x0000016de0aa5800, 0x0000016de0aa7000,
0x0000016ddee3f000, 0x0000016ddee41800, 0x0000016ddee3d800, 0x0000016ddee45800,
0x0000016ddee44000, 0x0000016ddee47000, 0x0000016ddee48000, 0x0000016ddee49800,
0x0000016ddee4a800, 0x0000016ddee44800, 0x0000016ddc60a000, 0x0000016ddc60e000,
0x0000016ddc60b800, 0x0000016ddc60f000, 0x0000016ddeaf8800, 0x0000016ddeaf9800,
0x0000016ddeaf5800, 0x0000016ddeafa000, 0x0000016ddeaf4800, 0x0000016ddeafb000,
0x0000016ddeafc000, 0x0000016ddeaf6000, 0x0000016ddeafc800, 0x0000016ddeaf7000,
0x0000016ddeaf7800, 0x0000016ddeafe800, 0x0000016ddeaff000, 0x0000016ddeb01800,
0x0000016ddeafd800, 0x0000016ddeb00000, 0x0000016ddeb00800, 0x0000016ddeb02800,
0x0000016ddeb03000, 0x0000016de129d000, 0x0000016de129a000, 0x0000016de129a800,
0x0000016de129b800, 0x0000016de1297800, 0x0000016de129c000, 0x0000016de129e000,
0x0000016de1298000, 0x0000016de129e800, 0x0000016de1299000, 0x0000016de12a2000,
0x0000016de12a3800, 0x0000016de12a3000, 0x0000016de12a0800, 0x0000016de129f800,
0x0000016de12a4800, 0x0000016de12a5000, 0x0000016de12a6000, 0x0000016de12a1000,
0x0000016de17b3800, 0x0000016de17b5800, 0x0000016de17b8000, 0x0000016de17b5000,
0x0000016de17b7800, 0x0000016de17b6800, 0x0000016de17ba000, 0x0000016de17b9000,
0x0000016de17b4000, 0x0000016de17c0800, 0x0000016de17be800, 0x0000016de17ba800,
0x0000016de17c1000, 0x0000016de17bb800, 0x0000016de17c2000, 0x0000016de17bf800,
0x0000016de17bd000, 0x0000016de17bc000, 0x0000016ddcecc000, 0x0000016ddceca000,
0x0000016ddcecc800, 0x0000016ddcecf000, 0x0000016ddcecb000, 0x0000016ddcecd800
}

Java Threads: ( => current thread )
  0x0000016dbf86d800 JavaThread "main" [_thread_blocked, id=17300, stack(0x0000000ddd000000,0x0000000ddd100000)]
  0x0000016dd9d08000 JavaThread "Reference Handler" daemon [_thread_blocked, id=18312, stack(0x0000000ddd700000,0x0000000ddd800000)]
  0x0000016dd9d13000 JavaThread "Finalizer" daemon [_thread_blocked, id=6108, stack(0x0000000ddd800000,0x0000000ddd900000)]
  0x0000016dda684800 JavaThread "Signal Dispatcher" daemon [_thread_blocked, id=18844, stack(0x0000000ddd900000,0x0000000ddda00000)]
  0x0000016dda685800 JavaThread "Attach Listener" daemon [_thread_blocked, id=9128, stack(0x0000000ddda00000,0x0000000dddb00000)]
  0x0000016dda687000 JavaThread "Service Thread" daemon [_thread_blocked, id=10468, stack(0x0000000dddb00000,0x0000000dddc00000)]
=>0x0000016dda688000 JavaThread "C2 CompilerThread0" daemon [_thread_in_native, id=15724, stack(0x0000000dddc00000,0x0000000dddd00000)]
  0x0000016dda68e800 JavaThread "C1 CompilerThread0" daemon [_thread_blocked, id=15436, stack(0x0000000dddd00000,0x0000000ddde00000)]
  0x0000016dd9d30800 JavaThread "Sweeper thread" daemon [_thread_blocked, id=18468, stack(0x0000000ddde00000,0x0000000dddf00000)]
  0x0000016dda7e0000 JavaThread "Common-Cleaner" daemon [_thread_blocked, id=10256, stack(0x0000000dddf00000,0x0000000dde000000)]
  0x0000016ddba93800 JavaThread "Daemon health stats" [_thread_blocked, id=19220, stack(0x0000000dde200000,0x0000000dde300000)]
  0x0000016ddbcf6800 JavaThread "Incoming local TCP Connector on port 54777" [_thread_in_native, id=1768, stack(0x0000000dde300000,0x0000000dde400000)]
  0x0000016ddbea8000 JavaThread "Daemon periodic checks" [_thread_blocked, id=5560, stack(0x0000000dde400000,0x0000000dde500000)]
  0x0000016ddc609800 JavaThread "Cache worker for journal cache (C:\Users\User\.gradle\caches\journal-1)" [_thread_blocked, id=3792, stack(0x0000000ddf200000,0x0000000ddf300000)]
  0x0000016ddc60c800 JavaThread "File lock request listener" [_thread_in_native, id=19996, stack(0x0000000ddf300000,0x0000000ddf400000)]
  0x0000016ddc60d800 JavaThread "Cache worker for file hash cache (C:\Users\User\.gradle\caches\7.3.3\fileHashes)" [_thread_blocked, id=12320, stack(0x0000000ddf400000,0x0000000ddf500000)]
  0x0000016ddc610000 JavaThread "File watcher server" daemon [_thread_in_native, id=8160, stack(0x0000000ddf800000,0x0000000ddf900000)]
  0x0000016ddc60b000 JavaThread "File watcher consumer" daemon [_thread_blocked, id=19540, stack(0x0000000ddf900000,0x0000000ddfa00000)]
  0x0000016ddee3e000 JavaThread "Cache worker for execution history cache (C:\Users\User\.gradle\caches\7.3.3\executionHistory)" [_thread_blocked, id=11692, stack(0x0000000ddfd00000,0x0000000ddfe00000)]
  0x0000016ddee40800 JavaThread "jar transforms" [_thread_blocked, id=5804, stack(0x0000000ddfe00000,0x0000000ddff00000)]
  0x0000016ddee42000 JavaThread "Cache worker for file content cache (C:\Users\User\.gradle\caches\7.3.3\fileContent)" [_thread_blocked, id=324, stack(0x0000000ddff00000,0x0000000de0000000)]
  0x0000016ddee46800 JavaThread "jar transforms Thread 2" [_thread_blocked, id=15076, stack(0x0000000de0000000,0x0000000de0100000)]
  0x0000016ddee49000 JavaThread "jar transforms Thread 3" [_thread_blocked, id=21428, stack(0x0000000de0200000,0x0000000de0300000)]
  0x0000016ddf6d8000 JavaThread "jar transforms Thread 4" [_thread_blocked, id=13512, stack(0x0000000de5400000,0x0000000de5500000)]
  0x0000016de0a9a800 JavaThread "jar transforms Thread 5" [_thread_blocked, id=5928, stack(0x0000000de5500000,0x0000000de5600000)]
  0x0000016de0a9a000 JavaThread "jar transforms Thread 6" [_thread_blocked, id=6968, stack(0x0000000de5600000,0x0000000de5700000)]
  0x0000016de0a99000 JavaThread "jar transforms Thread 7" [_thread_blocked, id=11100, stack(0x0000000de5700000,0x0000000de5800000)]
  0x0000016de0a9b800 JavaThread "jar transforms Thread 8" [_thread_blocked, id=20924, stack(0x0000000de5800000,0x0000000de5900000)]
  0x0000016de0a9c800 JavaThread "Memory manager" [_thread_blocked, id=7072, stack(0x0000000de5a00000,0x0000000de5b00000)]
  0x0000016de0a98000 JavaThread "pool-3-thread-1" [_thread_blocked, id=9320, stack(0x0000000de5b00000,0x0000000de5c00000)]
  0x0000016de0aa6000 JavaThread "Cache worker for Java compile cache (C:\Users\User\.gradle\caches\7.3.3\javaCompile)" [_thread_blocked, id=18572, stack(0x0000000de6500000,0x0000000de6600000)]
  0x0000016ddf6cd000 JavaThread "Daemon Thread 2" [_thread_blocked, id=20848, stack(0x0000000ddcd00000,0x0000000ddce00000)]
  0x0000016ddf6cb000 JavaThread "Handler for socket connection from /127.0.0.1:54777 to /127.0.0.1:55224" [_thread_in_native, id=19548, stack(0x0000000ddce00000,0x0000000ddcf00000)]
  0x0000016ddf6ce000 JavaThread "Cancel handler" [_thread_blocked, id=10656, stack(0x0000000ddcf00000,0x0000000ddd000000)]
  0x0000016ddf6cf000 JavaThread "Daemon worker Thread 2" [_thread_blocked, id=9832, stack(0x0000000dde500000,0x0000000dde600000)]
  0x0000016ddf6c9000 JavaThread "Asynchronous log dispatcher for DefaultDaemonConnection: socket connection from /127.0.0.1:54777 to /127.0.0.1:55224" [_thread_blocked, id=8972, stack(0x0000000dde600000,0x0000000dde700000)]
  0x0000016ddf6cf800 JavaThread "Stdin handler" [_thread_blocked, id=14340, stack(0x0000000dde700000,0x0000000dde800000)]
  0x0000016ddf6ca000 JavaThread "Daemon client event forwarder" [_thread_blocked, id=21388, stack(0x0000000dde800000,0x0000000dde900000)]
  0x0000016ddf6d0800 JavaThread "Cache worker for file hash cache (C:\Users\User\AndroidStudioProjects\ConqrEWU\.gradle\7.3.3\fileHashes)" [_thread_blocked, id=14132, stack(0x0000000dde900000,0x0000000ddea00000)]
  0x0000016ddf6d1800 JavaThread "Cache worker for checksums cache (C:\Users\User\AndroidStudioProjects\ConqrEWU\.gradle\7.3.3\checksums)" [_thread_blocked, id=20568, stack(0x0000000ddea00000,0x0000000ddeb00000)]
  0x0000016ddf6cb800 JavaThread "Cache worker for cache directory md-supplier (C:\Users\User\.gradle\caches\7.3.3\md-supplier)" [_thread_blocked, id=7300, stack(0x0000000ddeb00000,0x0000000ddec00000)]
  0x0000016ddf6d2000 JavaThread "Cache worker for cache directory md-rule (C:\Users\User\.gradle\caches\7.3.3\md-rule)" [_thread_blocked, id=19380, stack(0x0000000ddf600000,0x0000000ddf700000)]
  0x0000016ddf6cc800 JavaThread "Cache worker for dependencies-accessors (C:\Users\User\AndroidStudioProjects\ConqrEWU\.gradle\7.3.3\dependencies-accessors)" [_thread_blocked, id=13800, stack(0x0000000ddf700000,0x0000000ddf800000)]
  0x0000016ddf6d3000 JavaThread "Cache worker for Build Output Cleanup Cache (C:\Users\User\AndroidStudioProjects\ConqrEWU\.gradle\buildOutputCleanup)" [_thread_blocked, id=20488, stack(0x0000000ddfa00000,0x0000000ddfb00000)]
  0x0000016ddf6d6000 JavaThread "Unconstrained build operations" [_thread_blocked, id=10856, stack(0x0000000ddfb00000,0x0000000ddfc00000)]
  0x0000016ddf6d7000 JavaThread "Unconstrained build operations Thread 2" [_thread_blocked, id=18240, stack(0x0000000ddfc00000,0x0000000ddfd00000)]
  0x0000016ddf6d4000 JavaThread "Unconstrained build operations Thread 3" [_thread_blocked, id=4552, stack(0x0000000de0100000,0x0000000de0200000)]
  0x0000016ddf6d4800 JavaThread "Unconstrained build operations Thread 4" [_thread_blocked, id=14088, stack(0x0000000de0300000,0x0000000de0400000)]
  0x0000016ddf6d5800 JavaThread "Unconstrained build operations Thread 5" [_thread_blocked, id=10484, stack(0x0000000de0400000,0x0000000de0500000)]
  0x0000016de0aa3800 JavaThread "Unconstrained build operations Thread 6" [_thread_blocked, id=12572, stack(0x0000000de0500000,0x0000000de0600000)]
  0x0000016de0a9f800 JavaThread "Unconstrained build operations Thread 7" [_thread_blocked, id=1632, stack(0x0000000de0600000,0x0000000de0700000)]
  0x0000016de0a9e000 JavaThread "Unconstrained build operations Thread 8" [_thread_blocked, id=18132, stack(0x0000000de0700000,0x0000000de0800000)]
  0x0000016de0aa0800 JavaThread "Unconstrained build operations Thread 9" [_thread_blocked, id=12452, stack(0x0000000de0800000,0x0000000de0900000)]
  0x0000016de0aa3000 JavaThread "Unconstrained build operations Thread 10" [_thread_blocked, id=13780, stack(0x0000000de0900000,0x0000000de0a00000)]
  0x0000016de0aa4800 JavaThread "Unconstrained build operations Thread 11" [_thread_blocked, id=19640, stack(0x0000000de0a00000,0x0000000de0b00000)]
  0x0000016de0aa1000 JavaThread "Unconstrained build operations Thread 12" [_thread_blocked, id=2184, stack(0x0000000de0b00000,0x0000000de0c00000)]
  0x0000016de0aa2000 JavaThread "Unconstrained build operations Thread 13" [_thread_blocked, id=6976, stack(0x0000000de0c00000,0x0000000de0d00000)]
  0x0000016de0a9e800 JavaThread "Unconstrained build operations Thread 14" [_thread_blocked, id=20408, stack(0x0000000de0d00000,0x0000000de0e00000)]
  0x0000016de0aa5800 JavaThread "Unconstrained build operations Thread 15" [_thread_blocked, id=13632, stack(0x0000000de0e00000,0x0000000de0f00000)]
  0x0000016de0aa7000 JavaThread "Unconstrained build operations Thread 16" [_thread_blocked, id=14184, stack(0x0000000de0f00000,0x0000000de1000000)]
  0x0000016ddee3f000 JavaThread "Unconstrained build operations Thread 17" [_thread_blocked, id=8220, stack(0x0000000de1000000,0x0000000de1100000)]
  0x0000016ddee41800 JavaThread "Unconstrained build operations Thread 18" [_thread_blocked, id=18672, stack(0x0000000de1100000,0x0000000de1200000)]
  0x0000016ddee3d800 JavaThread "Unconstrained build operations Thread 19" [_thread_blocked, id=6064, stack(0x0000000de1200000,0x0000000de1300000)]
  0x0000016ddee45800 JavaThread "Unconstrained build operations Thread 20" [_thread_blocked, id=6640, stack(0x0000000de1300000,0x0000000de1400000)]
  0x0000016ddee44000 JavaThread "Unconstrained build operations Thread 21" [_thread_blocked, id=11016, stack(0x0000000de1400000,0x0000000de1500000)]
  0x0000016ddee47000 JavaThread "Unconstrained build operations Thread 22" [_thread_blocked, id=3212, stack(0x0000000de1500000,0x0000000de1600000)]
  0x0000016ddee48000 JavaThread "Unconstrained build operations Thread 23" [_thread_blocked, id=21352, stack(0x0000000de1600000,0x0000000de1700000)]
  0x0000016ddee49800 JavaThread "Unconstrained build operations Thread 24" [_thread_blocked, id=9020, stack(0x0000000de1700000,0x0000000de1800000)]
  0x0000016ddee4a800 JavaThread "Unconstrained build operations Thread 25" [_thread_blocked, id=9016, stack(0x0000000de1800000,0x0000000de1900000)]
  0x0000016ddee44800 JavaThread "Unconstrained build operations Thread 26" [_thread_blocked, id=16880, stack(0x0000000de1900000,0x0000000de1a00000)]
  0x0000016ddc60a000 JavaThread "Unconstrained build operations Thread 27" [_thread_blocked, id=6940, stack(0x0000000de1a00000,0x0000000de1b00000)]
  0x0000016ddc60e000 JavaThread "Unconstrained build operations Thread 28" [_thread_blocked, id=19196, stack(0x0000000de1b00000,0x0000000de1c00000)]
  0x0000016ddc60b800 JavaThread "Unconstrained build operations Thread 29" [_thread_blocked, id=14476, stack(0x0000000de1c00000,0x0000000de1d00000)]
  0x0000016ddc60f000 JavaThread "Unconstrained build operations Thread 30" [_thread_blocked, id=17056, stack(0x0000000de1d00000,0x0000000de1e00000)]
  0x0000016ddeaf8800 JavaThread "Unconstrained build operations Thread 31" [_thread_blocked, id=14296, stack(0x0000000de1e00000,0x0000000de1f00000)]
  0x0000016ddeaf9800 JavaThread "Unconstrained build operations Thread 32" [_thread_blocked, id=17436, stack(0x0000000de1f00000,0x0000000de2000000)]
  0x0000016ddeaf5800 JavaThread "Unconstrained build operations Thread 33" [_thread_blocked, id=17144, stack(0x0000000de2000000,0x0000000de2100000)]
  0x0000016ddeafa000 JavaThread "Unconstrained build operations Thread 34" [_thread_blocked, id=9464, stack(0x0000000de2100000,0x0000000de2200000)]
  0x0000016ddeaf4800 JavaThread "Unconstrained build operations Thread 35" [_thread_blocked, id=13056, stack(0x0000000de2200000,0x0000000de2300000)]
  0x0000016ddeafb000 JavaThread "Unconstrained build operations Thread 36" [_thread_blocked, id=11636, stack(0x0000000de2300000,0x0000000de2400000)]
  0x0000016ddeafc000 JavaThread "Unconstrained build operations Thread 37" [_thread_blocked, id=12240, stack(0x0000000de2400000,0x0000000de2500000)]
  0x0000016ddeaf6000 JavaThread "Unconstrained build operations Thread 38" [_thread_blocked, id=16344, stack(0x0000000de2500000,0x0000000de2600000)]
  0x0000016ddeafc800 JavaThread "Unconstrained build operations Thread 39" [_thread_blocked, id=7424, stack(0x0000000de2600000,0x0000000de2700000)]
  0x0000016ddeaf7000 JavaThread "Unconstrained build operations Thread 40" [_thread_blocked, id=308, stack(0x0000000de2700000,0x0000000de2800000)]
  0x0000016ddeaf7800 JavaThread "Unconstrained build operations Thread 41" [_thread_blocked, id=20500, stack(0x0000000de2800000,0x0000000de2900000)]
  0x0000016ddeafe800 JavaThread "Unconstrained build operations Thread 42" [_thread_blocked, id=20596, stack(0x0000000de2900000,0x0000000de2a00000)]
  0x0000016ddeaff000 JavaThread "Unconstrained build operations Thread 43" [_thread_blocked, id=21336, stack(0x0000000de2a00000,0x0000000de2b00000)]
  0x0000016ddeb01800 JavaThread "Unconstrained build operations Thread 44" [_thread_blocked, id=19684, stack(0x0000000de2b00000,0x0000000de2c00000)]
  0x0000016ddeafd800 JavaThread "Unconstrained build operations Thread 45" [_thread_blocked, id=14100, stack(0x0000000de2c00000,0x0000000de2d00000)]
  0x0000016ddeb00000 JavaThread "Unconstrained build operations Thread 46" [_thread_blocked, id=2168, stack(0x0000000de2d00000,0x0000000de2e00000)]
  0x0000016ddeb00800 JavaThread "Unconstrained build operations Thread 47" [_thread_blocked, id=2840, stack(0x0000000de2e00000,0x0000000de2f00000)]
  0x0000016ddeb02800 JavaThread "Unconstrained build operations Thread 48" [_thread_blocked, id=9628, stack(0x0000000de2f00000,0x0000000de3000000)]
  0x0000016ddeb03000 JavaThread "Unconstrained build operations Thread 49" [_thread_blocked, id=15872, stack(0x0000000de3000000,0x0000000de3100000)]
  0x0000016de129d000 JavaThread "Unconstrained build operations Thread 50" [_thread_blocked, id=19644, stack(0x0000000de3100000,0x0000000de3200000)]
  0x0000016de129a000 JavaThread "Unconstrained build operations Thread 51" [_thread_blocked, id=3704, stack(0x0000000de3200000,0x0000000de3300000)]
  0x0000016de129a800 JavaThread "Unconstrained build operations Thread 52" [_thread_blocked, id=20368, stack(0x0000000de3300000,0x0000000de3400000)]
  0x0000016de129b800 JavaThread "Unconstrained build operations Thread 53" [_thread_blocked, id=21348, stack(0x0000000de3400000,0x0000000de3500000)]
  0x0000016de1297800 JavaThread "Unconstrained build operations Thread 54" [_thread_blocked, id=12332, stack(0x0000000de3500000,0x0000000de3600000)]
  0x0000016de129c000 JavaThread "Unconstrained build operations Thread 55" [_thread_blocked, id=17856, stack(0x0000000de3600000,0x0000000de3700000)]
  0x0000016de129e000 JavaThread "Unconstrained build operations Thread 56" [_thread_blocked, id=8476, stack(0x0000000de3700000,0x0000000de3800000)]
  0x0000016de1298000 JavaThread "Unconstrained build operations Thread 57" [_thread_blocked, id=21296, stack(0x0000000de3800000,0x0000000de3900000)]
  0x0000016de129e800 JavaThread "Unconstrained build operations Thread 58" [_thread_blocked, id=12744, stack(0x0000000de3900000,0x0000000de3a00000)]
  0x0000016de1299000 JavaThread "Unconstrained build operations Thread 59" [_thread_blocked, id=14300, stack(0x0000000de3a00000,0x0000000de3b00000)]
  0x0000016de12a2000 JavaThread "Unconstrained build operations Thread 60" [_thread_blocked, id=8332, stack(0x0000000de3b00000,0x0000000de3c00000)]
  0x0000016de12a3800 JavaThread "Unconstrained build operations Thread 61" [_thread_blocked, id=20504, stack(0x0000000de3c00000,0x0000000de3d00000)]
  0x0000016de12a3000 JavaThread "Unconstrained build operations Thread 62" [_thread_blocked, id=6888, stack(0x0000000de3d00000,0x0000000de3e00000)]
  0x0000016de12a0800 JavaThread "Unconstrained build operations Thread 63" [_thread_blocked, id=4784, stack(0x0000000de3e00000,0x0000000de3f00000)]
  0x0000016de129f800 JavaThread "Unconstrained build operations Thread 64" [_thread_blocked, id=3488, stack(0x0000000de3f00000,0x0000000de4000000)]
  0x0000016de12a4800 JavaThread "Unconstrained build operations Thread 65" [_thread_blocked, id=21076, stack(0x0000000de4000000,0x0000000de4100000)]
  0x0000016de12a5000 JavaThread "Unconstrained build operations Thread 66" [_thread_blocked, id=8204, stack(0x0000000de4100000,0x0000000de4200000)]
  0x0000016de12a6000 JavaThread "Unconstrained build operations Thread 67" [_thread_blocked, id=11560, stack(0x0000000de4200000,0x0000000de4300000)]
  0x0000016de12a1000 JavaThread "Unconstrained build operations Thread 68" [_thread_blocked, id=6552, stack(0x0000000de4300000,0x0000000de4400000)]
  0x0000016de17b3800 JavaThread "Unconstrained build operations Thread 69" [_thread_blocked, id=624, stack(0x0000000de4400000,0x0000000de4500000)]
  0x0000016de17b5800 JavaThread "Unconstrained build operations Thread 70" [_thread_blocked, id=18900, stack(0x0000000de4500000,0x0000000de4600000)]
  0x0000016de17b8000 JavaThread "Unconstrained build operations Thread 71" [_thread_blocked, id=16400, stack(0x0000000de4600000,0x0000000de4700000)]
  0x0000016de17b5000 JavaThread "Unconstrained build operations Thread 72" [_thread_blocked, id=15656, stack(0x0000000de4700000,0x0000000de4800000)]
  0x0000016de17b7800 JavaThread "Unconstrained build operations Thread 73" [_thread_blocked, id=17560, stack(0x0000000de4800000,0x0000000de4900000)]
  0x0000016de17b6800 JavaThread "Unconstrained build operations Thread 74" [_thread_blocked, id=1156, stack(0x0000000de4900000,0x0000000de4a00000)]
  0x0000016de17ba000 JavaThread "Unconstrained build operations Thread 75" [_thread_blocked, id=12752, stack(0x0000000de4a00000,0x0000000de4b00000)]
  0x0000016de17b9000 JavaThread "Unconstrained build operations Thread 76" [_thread_blocked, id=18756, stack(0x0000000de4b00000,0x0000000de4c00000)]
  0x0000016de17b4000 JavaThread "Unconstrained build operations Thread 77" [_thread_blocked, id=10096, stack(0x0000000de4c00000,0x0000000de4d00000)]
  0x0000016de17c0800 JavaThread "Unconstrained build operations Thread 78" [_thread_blocked, id=13304, stack(0x0000000de4d00000,0x0000000de4e00000)]
  0x0000016de17be800 JavaThread "Unconstrained build operations Thread 79" [_thread_blocked, id=17288, stack(0x0000000de4e00000,0x0000000de4f00000)]
  0x0000016de17ba800 JavaThread "Unconstrained build operations Thread 80" [_thread_blocked, id=20644, stack(0x0000000de4f00000,0x0000000de5000000)]
  0x0000016de17c1000 JavaThread "build event listener" [_thread_blocked, id=13708, stack(0x0000000de5000000,0x0000000de5100000)]
  0x0000016de17bb800 JavaThread "pool-6-thread-1" [_thread_blocked, id=14004, stack(0x0000000de5100000,0x0000000de5200000)]
  0x0000016de17c2000 JavaThread "build event listener" [_thread_blocked, id=17792, stack(0x0000000de5200000,0x0000000de5300000)]
  0x0000016de17bf800 JavaThread "Execution worker for ':'" [_thread_blocked, id=17400, stack(0x0000000de5300000,0x0000000de5400000)]
  0x0000016de17bd000 JavaThread "Execution worker for ':' Thread 2" [_thread_in_vm, id=16040, stack(0x0000000de5900000,0x0000000de5a00000)]
  0x0000016de17bc000 JavaThread "Execution worker for ':' Thread 3" [_thread_blocked, id=2924, stack(0x0000000de5c00000,0x0000000de5d00000)]
  0x0000016ddcecc000 JavaThread "Execution worker for ':' Thread 4" [_thread_blocked, id=3776, stack(0x0000000de5d00000,0x0000000de5e00000)]
  0x0000016ddceca000 JavaThread "Execution worker for ':' Thread 5" [_thread_blocked, id=12144, stack(0x0000000de5e00000,0x0000000de5f00000)]
  0x0000016ddcecc800 JavaThread "Execution worker for ':' Thread 6" [_thread_blocked, id=9188, stack(0x0000000de5f00000,0x0000000de6000000)]
  0x0000016ddcecf000 JavaThread "Execution worker for ':' Thread 7" [_thread_blocked, id=3712, stack(0x0000000de6000000,0x0000000de6100000)]
  0x0000016ddcecb000 JavaThread "Cache worker for execution history cache (C:\Users\User\AndroidStudioProjects\ConqrEWU\.gradle\7.3.3\executionHistory)" [_thread_blocked, id=19520, stack(0x0000000de6100000,0x0000000de6200000)]
  0x0000016ddcecd800 JavaThread "WorkerExecutor Queue" [_thread_blocked, id=7012, stack(0x0000000de6200000,0x0000000de6300000)]

Other Threads:
  0x0000016dd9d03000 VMThread "VM Thread" [stack: 0x0000000ddd600000,0x0000000ddd700000] [id=18012]
  0x0000016dda82b000 WatcherThread [stack: 0x0000000dde000000,0x0000000dde100000] [id=9616]
  0x0000016dbf888000 GCTaskThread "GC Thread#0" [stack: 0x0000000ddd100000,0x0000000ddd200000] [id=9120]
  0x0000016ddb571000 GCTaskThread "GC Thread#1" [stack: 0x0000000dde100000,0x0000000dde200000] [id=3860]
  0x0000016ddc4ba000 GCTaskThread "GC Thread#2" [stack: 0x0000000ddec00000,0x0000000dded00000] [id=13580]
  0x0000016ddc417800 GCTaskThread "GC Thread#3" [stack: 0x0000000dded00000,0x0000000ddee00000] [id=21072]
  0x0000016ddc6a8000 GCTaskThread "GC Thread#4" [stack: 0x0000000ddee00000,0x0000000ddef00000] [id=19716]
  0x0000016ddc6a9000 GCTaskThread "GC Thread#5" [stack: 0x0000000ddef00000,0x0000000ddf000000] [id=19068]
  0x0000016ddc6a9800 GCTaskThread "GC Thread#6" [stack: 0x0000000ddf000000,0x0000000ddf100000] [id=8552]
  0x0000016ddc6aa000 GCTaskThread "GC Thread#7" [stack: 0x0000000ddf100000,0x0000000ddf200000] [id=10116]
  0x0000016dbf8b8800 ConcurrentGCThread "G1 Main Marker" [stack: 0x0000000ddd200000,0x0000000ddd300000] [id=18320]
  0x0000016dbf8b9800 ConcurrentGCThread "G1 Conc#0" [stack: 0x0000000ddd300000,0x0000000ddd400000] [id=10844]
  0x0000016ddc8cd000 ConcurrentGCThread "G1 Conc#1" [stack: 0x0000000ddf500000,0x0000000ddf600000] [id=7164]
  0x0000016dd9b50800 ConcurrentGCThread "G1 Refine#0" [stack: 0x0000000ddd400000,0x0000000ddd500000] [id=7436]
  0x0000016dd9b51800 ConcurrentGCThread "G1 Young RemSet Sampling" [stack: 0x0000000ddd500000,0x0000000ddd600000] [id=17124]

Threads with active compile tasks:
C2 CompilerThread0 859258 15104   !   4       org.apache.xerces.impl.XMLDocumentFragmentScannerImpl$FragmentContentDispatcher::dispatch (1128 bytes)
C1 CompilerThread0 859258 15112   !   3       org.apache.xerces.parsers.AbstractSAXParser::getErrorHandler (43 bytes)

VM state:not at safepoint (normal execution)

VM Mutex/Monitor currently owned by a thread: None

Heap address: 0x0000000080000000, size: 2048 MB, Compressed Oops mode: 32-bit
Narrow klass base: 0x0000000000000000, Narrow klass shift: 3
Compressed class space size: 1073741824 Address: 0x0000000100000000

Heap:
 garbage-first heap   total 268288K, used 145775K [0x0000000080000000, 0x0000000100000000)
  region size 1024K, 28 young (28672K), 11 survivors (11264K)
 Metaspace       used 124007K, capacity 126825K, committed 126976K, reserved 1159168K
  class space    used 15763K, capacity 16780K, committed 16896K, reserved 1048576K
Heap Regions: E=young(eden), S=young(survivor), O=old, HS=humongous(starts), HC=humongous(continues), CS=collection set, F=free, A=archive, TAMS=top-at-mark-start (previous, next)
|   0|0x0000000080000000, 0x0000000080100000, 0x0000000080100000|100%| O|  |TAMS 0x0000000080100000, 0x0000000080000000| Untracked 
|   1|0x0000000080100000, 0x0000000080200000, 0x0000000080200000|100%| O|  |TAMS 0x0000000080200000, 0x0000000080100000| Untracked 
|   2|0x0000000080200000, 0x0000000080300000, 0x0000000080300000|100%| O|  |TAMS 0x0000000080300000, 0x0000000080200000| Untracked 
|   3|0x0000000080300000, 0x0000000080400000, 0x0000000080400000|100%|HS|  |TAMS 0x0000000080400000, 0x0000000080300000| Complete 
|   4|0x0000000080400000, 0x0000000080500000, 0x0000000080500000|100%|HC|  |TAMS 0x0000000080500000, 0x0000000080400000| Complete 
|   5|0x0000000080500000, 0x0000000080600000, 0x0000000080600000|100%|HC|  |TAMS 0x0000000080600000, 0x0000000080500000| Complete 
|   6|0x0000000080600000, 0x0000000080700000, 0x0000000080700000|100%| O|  |TAMS 0x0000000080700000, 0x0000000080600000| Untracked 
|   7|0x0000000080700000, 0x0000000080800000, 0x0000000080800000|100%| O|  |TAMS 0x0000000080800000, 0x0000000080700000| Untracked 
|   8|0x0000000080800000, 0x0000000080900000, 0x0000000080900000|100%| O|  |TAMS 0x0000000080900000, 0x0000000080800000| Untracked 
|   9|0x0000000080900000, 0x0000000080a00000, 0x0000000080a00000|100%| O|  |TAMS 0x0000000080a00000, 0x0000000080900000| Untracked 
|  10|0x0000000080a00000, 0x0000000080b00000, 0x0000000080b00000|100%| O|  |TAMS 0x0000000080b00000, 0x0000000080a00000| Untracked 
|  11|0x0000000080b00000, 0x0000000080c00000, 0x0000000080c00000|100%| O|  |TAMS 0x0000000080c00000, 0x0000000080b00000| Untracked 
|  12|0x0000000080c00000, 0x0000000080d00000, 0x0000000080d00000|100%| O|  |TAMS 0x0000000080d00000, 0x0000000080c00000| Untracked 
|  13|0x0000000080d00000, 0x0000000080e00000, 0x0000000080e00000|100%| O|  |TAMS 0x0000000080e00000, 0x0000000080d00000| Untracked 
|  14|0x0000000080e00000, 0x0000000080f00000, 0x0000000080f00000|100%| O|  |TAMS 0x0000000080f00000, 0x0000000080e00000| Untracked 
|  15|0x0000000080f00000, 0x0000000081000000, 0x0000000081000000|100%| O|  |TAMS 0x0000000081000000, 0x0000000080f00000| Untracked 
|  16|0x0000000081000000, 0x0000000081100000, 0x0000000081100000|100%|HS|  |TAMS 0x0000000081100000, 0x0000000081000000| Complete 
|  17|0x0000000081100000, 0x0000000081200000, 0x0000000081200000|100%| O|  |TAMS 0x0000000081200000, 0x0000000081100000| Untracked 
|  18|0x0000000081200000, 0x0000000081300000, 0x0000000081300000|100%| O|  |TAMS 0x0000000081300000, 0x0000000081200000| Untracked 
|  19|0x0000000081300000, 0x0000000081400000, 0x0000000081400000|100%| O|  |TAMS 0x0000000081400000, 0x0000000081300000| Untracked 
|  20|0x0000000081400000, 0x0000000081500000, 0x0000000081500000|100%| O|  |TAMS 0x0000000081500000, 0x0000000081400000| Untracked 
|  21|0x0000000081500000, 0x0000000081600000, 0x0000000081600000|100%| O|  |TAMS 0x0000000081600000, 0x0000000081500000| Untracked 
|  22|0x0000000081600000, 0x0000000081700000, 0x0000000081700000|100%| O|  |TAMS 0x0000000081700000, 0x0000000081600000| Untracked 
|  23|0x0000000081700000, 0x0000000081800000, 0x0000000081800000|100%| O|  |TAMS 0x0000000081800000, 0x0000000081700000| Untracked 
|  24|0x0000000081800000, 0x0000000081900000, 0x0000000081900000|100%| O|  |TAMS 0x0000000081900000, 0x0000000081800000| Untracked 
|  25|0x0000000081900000, 0x0000000081a00000, 0x0000000081a00000|100%| O|  |TAMS 0x0000000081a00000, 0x0000000081900000| Untracked 
|  26|0x0000000081a00000, 0x0000000081b00000, 0x0000000081b00000|100%| O|  |TAMS 0x0000000081b00000, 0x0000000081a00000| Untracked 
|  27|0x0000000081b00000, 0x0000000081c00000, 0x0000000081c00000|100%| O|  |TAMS 0x0000000081c00000, 0x0000000081b00000| Untracked 
|  28|0x0000000081c00000, 0x0000000081d00000, 0x0000000081d00000|100%|HS|  |TAMS 0x0000000081d00000, 0x0000000081c00000| Complete 
|  29|0x0000000081d00000, 0x0000000081e00000, 0x0000000081e00000|100%|HS|  |TAMS 0x0000000081e00000, 0x0000000081d00000| Complete 
|  30|0x0000000081e00000, 0x0000000081f00000, 0x0000000081f00000|100%|HC|  |TAMS 0x0000000081f00000, 0x0000000081e00000| Complete 
|  31|0x0000000081f00000, 0x0000000082000000, 0x0000000082000000|100%| O|  |TAMS 0x0000000081f00000, 0x0000000081f00000| Untracked 
|  32|0x0000000082000000, 0x0000000082100000, 0x0000000082100000|100%| O|  |TAMS 0x0000000082100000, 0x0000000082000000| Untracked 
|  33|0x0000000082100000, 0x0000000082200000, 0x0000000082200000|100%| O|  |TAMS 0x0000000082200000, 0x0000000082100000| Untracked 
|  34|0x0000000082200000, 0x0000000082300000, 0x0000000082300000|100%| O|  |TAMS 0x0000000082300000, 0x0000000082200000| Untracked 
|  35|0x0000000082300000, 0x0000000082400000, 0x0000000082400000|100%| O|  |TAMS 0x0000000082400000, 0x0000000082300000| Untracked 
|  36|0x0000000082400000, 0x0000000082500000, 0x0000000082500000|100%| O|  |TAMS 0x0000000082500000, 0x0000000082400000| Untracked 
|  37|0x0000000082500000, 0x0000000082600000, 0x0000000082600000|100%| O|  |TAMS 0x0000000082600000, 0x0000000082500000| Untracked 
|  38|0x0000000082600000, 0x0000000082700000, 0x0000000082700000|100%| O|  |TAMS 0x0000000082700000, 0x0000000082600000| Untracked 
|  39|0x0000000082700000, 0x0000000082800000, 0x0000000082800000|100%| O|  |TAMS 0x0000000082800000, 0x0000000082700000| Untracked 
|  40|0x0000000082800000, 0x0000000082900000, 0x0000000082900000|100%| O|  |TAMS 0x0000000082900000, 0x0000000082800000| Untracked 
|  41|0x0000000082900000, 0x0000000082a00000, 0x0000000082a00000|100%| O|  |TAMS 0x0000000082a00000, 0x0000000082900000| Untracked 
|  42|0x0000000082a00000, 0x0000000082b00000, 0x0000000082b00000|100%| O|  |TAMS 0x0000000082b00000, 0x0000000082a00000| Untracked 
|  43|0x0000000082b00000, 0x0000000082c00000, 0x0000000082c00000|100%| O|  |TAMS 0x0000000082c00000, 0x0000000082b00000| Untracked 
|  44|0x0000000082c00000, 0x0000000082d00000, 0x0000000082d00000|100%| O|  |TAMS 0x0000000082d00000, 0x0000000082c00000| Untracked 
|  45|0x0000000082d00000, 0x0000000082e00000, 0x0000000082e00000|100%| O|  |TAMS 0x0000000082e00000, 0x0000000082d00000| Untracked 
|  46|0x0000000082e00000, 0x0000000082f00000, 0x0000000082f00000|100%| O|  |TAMS 0x0000000082f00000, 0x0000000082e00000| Untracked 
|  47|0x0000000082f00000, 0x0000000083000000, 0x0000000083000000|100%| O|  |TAMS 0x0000000083000000, 0x0000000082f00000| Untracked 
|  48|0x0000000083000000, 0x0000000083100000, 0x0000000083100000|100%| O|  |TAMS 0x0000000083100000, 0x0000000083000000| Untracked 
|  49|0x0000000083100000, 0x0000000083200000, 0x0000000083200000|100%| O|  |TAMS 0x0000000083200000, 0x0000000083100000| Untracked 
|  50|0x0000000083200000, 0x0000000083300000, 0x0000000083300000|100%| O|  |TAMS 0x0000000083300000, 0x0000000083200000| Untracked 
|  51|0x0000000083300000, 0x0000000083400000, 0x0000000083400000|100%| O|  |TAMS 0x0000000083400000, 0x0000000083300000| Untracked 
|  52|0x0000000083400000, 0x0000000083500000, 0x0000000083500000|100%| O|  |TAMS 0x0000000083500000, 0x0000000083400000| Untracked 
|  53|0x0000000083500000, 0x0000000083600000, 0x0000000083600000|100%| O|  |TAMS 0x0000000083600000, 0x0000000083500000| Untracked 
|  54|0x0000000083600000, 0x0000000083700000, 0x0000000083700000|100%| O|  |TAMS 0x0000000083700000, 0x0000000083600000| Untracked 
|  55|0x0000000083700000, 0x0000000083800000, 0x0000000083800000|100%| O|  |TAMS 0x0000000083800000, 0x0000000083700000| Untracked 
|  56|0x0000000083800000, 0x0000000083900000, 0x0000000083900000|100%| O|  |TAMS 0x0000000083900000, 0x0000000083800000| Untracked 
|  57|0x0000000083900000, 0x0000000083a00000, 0x0000000083a00000|100%| O|  |TAMS 0x0000000083a00000, 0x0000000083900000| Untracked 
|  58|0x0000000083a00000, 0x0000000083b00000, 0x0000000083b00000|100%| O|  |TAMS 0x0000000083b00000, 0x0000000083a00000| Untracked 
|  59|0x0000000083b00000, 0x0000000083c00000, 0x0000000083c00000|100%| O|  |TAMS 0x0000000083c00000, 0x0000000083b00000| Untracked 
|  60|0x0000000083c00000, 0x0000000083d00000, 0x0000000083d00000|100%| O|  |TAMS 0x0000000083d00000, 0x0000000083c00000| Untracked 
|  61|0x0000000083d00000, 0x0000000083e00000, 0x0000000083e00000|100%| O|  |TAMS 0x0000000083e00000, 0x0000000083d00000| Untracked 
|  62|0x0000000083e00000, 0x0000000083f00000, 0x0000000083f00000|100%| O|  |TAMS 0x0000000083f00000, 0x0000000083e00000| Untracked 
|  63|0x0000000083f00000, 0x0000000084000000, 0x0000000084000000|100%| O|  |TAMS 0x0000000084000000, 0x0000000083f00000| Untracked 
|  64|0x0000000084000000, 0x0000000084100000, 0x0000000084100000|100%| O|  |TAMS 0x0000000084100000, 0x0000000084000000| Untracked 
|  65|0x0000000084100000, 0x0000000084200000, 0x0000000084200000|100%| O|  |TAMS 0x0000000084200000, 0x0000000084100000| Untracked 
|  66|0x0000000084200000, 0x0000000084300000, 0x0000000084300000|100%| O|  |TAMS 0x0000000084300000, 0x0000000084200000| Untracked 
|  67|0x0000000084300000, 0x0000000084400000, 0x0000000084400000|100%| O|  |TAMS 0x0000000084400000, 0x0000000084300000| Untracked 
|  68|0x0000000084400000, 0x0000000084500000, 0x0000000084500000|100%| O|  |TAMS 0x0000000084500000, 0x0000000084400000| Untracked 
|  69|0x0000000084500000, 0x0000000084600000, 0x0000000084600000|100%| O|  |TAMS 0x0000000084600000, 0x0000000084500000| Untracked 
|  70|0x0000000084600000, 0x0000000084700000, 0x0000000084700000|100%| O|  |TAMS 0x0000000084700000, 0x0000000084600000| Untracked 
|  71|0x0000000084700000, 0x0000000084800000, 0x0000000084800000|100%| O|  |TAMS 0x0000000084800000, 0x0000000084700000| Untracked 
|  72|0x0000000084800000, 0x0000000084900000, 0x0000000084900000|100%| O|  |TAMS 0x0000000084900000, 0x0000000084800000| Untracked 
|  73|0x0000000084900000, 0x0000000084a00000, 0x0000000084a00000|100%| O|  |TAMS 0x0000000084a00000, 0x0000000084900000| Untracked 
|  74|0x0000000084a00000, 0x0000000084b00000, 0x0000000084b00000|100%| O|  |TAMS 0x0000000084b00000, 0x0000000084a00000| Untracked 
|  75|0x0000000084b00000, 0x0000000084c00000, 0x0000000084c00000|100%| O|  |TAMS 0x0000000084c00000, 0x0000000084b00000| Untracked 
|  76|0x0000000084c00000, 0x0000000084d00000, 0x0000000084d00000|100%| O|  |TAMS 0x0000000084d00000, 0x0000000084c00000| Untracked 
|  77|0x0000000084d00000, 0x0000000084e00000, 0x0000000084e00000|100%| O|  |TAMS 0x0000000084e00000, 0x0000000084d00000| Untracked 
|  78|0x0000000084e00000, 0x0000000084f00000, 0x0000000084f00000|100%| O|  |TAMS 0x0000000084f00000, 0x0000000084e00000| Untracked 
|  79|0x0000000084f00000, 0x0000000085000000, 0x0000000085000000|100%| O|  |TAMS 0x0000000085000000, 0x0000000084f00000| Untracked 
|  80|0x0000000085000000, 0x0000000085100000, 0x0000000085100000|100%| O|  |TAMS 0x0000000085100000, 0x0000000085000000| Untracked 
|  81|0x0000000085100000, 0x0000000085200000, 0x0000000085200000|100%| O|  |TAMS 0x0000000085200000, 0x0000000085100000| Untracked 
|  82|0x0000000085200000, 0x0000000085300000, 0x0000000085300000|100%| O|  |TAMS 0x0000000085300000, 0x0000000085200000| Untracked 
|  83|0x0000000085300000, 0x0000000085400000, 0x0000000085400000|100%| O|  |TAMS 0x0000000085400000, 0x0000000085300000| Untracked 
|  84|0x0000000085400000, 0x0000000085500000, 0x0000000085500000|100%| O|  |TAMS 0x0000000085500000, 0x0000000085400000| Untracked 
|  85|0x0000000085500000, 0x0000000085600000, 0x0000000085600000|100%| O|  |TAMS 0x0000000085600000, 0x0000000085500000| Untracked 
|  86|0x0000000085600000, 0x0000000085700000, 0x0000000085700000|100%| O|  |TAMS 0x0000000085700000, 0x0000000085600000| Untracked 
|  87|0x0000000085700000, 0x0000000085800000, 0x0000000085800000|100%| O|  |TAMS 0x0000000085800000, 0x0000000085700000| Untracked 
|  88|0x0000000085800000, 0x0000000085900000, 0x0000000085900000|100%| O|  |TAMS 0x0000000085900000, 0x0000000085800000| Untracked 
|  89|0x0000000085900000, 0x0000000085a00000, 0x0000000085a00000|100%| O|  |TAMS 0x0000000085a00000, 0x0000000085900000| Untracked 
|  90|0x0000000085a00000, 0x0000000085b00000, 0x0000000085b00000|100%| O|  |TAMS 0x0000000085b00000, 0x0000000085a00000| Untracked 
|  91|0x0000000085b00000, 0x0000000085c00000, 0x0000000085c00000|100%| O|  |TAMS 0x0000000085c00000, 0x0000000085b00000| Untracked 
|  92|0x0000000085c00000, 0x0000000085d00000, 0x0000000085d00000|100%| O|  |TAMS 0x0000000085cab200, 0x0000000085c00000| Untracked 
|  93|0x0000000085d00000, 0x0000000085e00000, 0x0000000085e00000|100%| O|  |TAMS 0x0000000085e00000, 0x0000000085d00000| Untracked 
|  94|0x0000000085e00000, 0x0000000085f00000, 0x0000000085f00000|100%| O|  |TAMS 0x0000000085f00000, 0x0000000085e00000| Untracked 
|  95|0x0000000085f00000, 0x0000000086000000, 0x0000000086000000|100%| O|  |TAMS 0x0000000086000000, 0x0000000085f00000| Untracked 
|  96|0x0000000086000000, 0x0000000086100000, 0x0000000086100000|100%| O|  |TAMS 0x0000000086100000, 0x0000000086000000| Untracked 
|  97|0x0000000086100000, 0x0000000086200000, 0x0000000086200000|100%| O|  |TAMS 0x0000000086100000, 0x0000000086100000| Untracked 
|  98|0x0000000086200000, 0x0000000086300000, 0x0000000086300000|100%| O|  |TAMS 0x0000000086200000, 0x0000000086200000| Untracked 
|  99|0x0000000086300000, 0x0000000086400000, 0x0000000086400000|100%| O|  |TAMS 0x0000000086300000, 0x0000000086300000| Untracked 
| 100|0x0000000086400000, 0x0000000086500000, 0x0000000086500000|100%| O|  |TAMS 0x0000000086400000, 0x0000000086400000| Untracked 
| 101|0x0000000086500000, 0x0000000086600000, 0x0000000086600000|100%| O|  |TAMS 0x0000000086500000, 0x0000000086500000| Untracked 
| 102|0x0000000086600000, 0x0000000086700000, 0x0000000086700000|100%| O|  |TAMS 0x0000000086600000, 0x0000000086600000| Untracked 
| 103|0x0000000086700000, 0x0000000086800000, 0x0000000086800000|100%|HS|  |TAMS 0x0000000086700000, 0x0000000086700000| Complete 
| 104|0x0000000086800000, 0x0000000086900000, 0x0000000086900000|100%|HS|  |TAMS 0x0000000086800000, 0x0000000086800000| Complete 
| 105|0x0000000086900000, 0x0000000086a00000, 0x0000000086a00000|100%| O|  |TAMS 0x0000000086900000, 0x0000000086900000| Untracked 
| 106|0x0000000086a00000, 0x0000000086b00000, 0x0000000086b00000|100%| O|  |TAMS 0x0000000086a00000, 0x0000000086a00000| Untracked 
| 107|0x0000000086b00000, 0x0000000086c00000, 0x0000000086c00000|100%| O|  |TAMS 0x0000000086b00000, 0x0000000086b00000| Untracked 
| 108|0x0000000086c00000, 0x0000000086d00000, 0x0000000086d00000|100%| O|  |TAMS 0x0000000086c00000, 0x0000000086c00000| Untracked 
| 109|0x0000000086d00000, 0x0000000086e00000, 0x0000000086e00000|100%| O|  |TAMS 0x0000000086d00000, 0x0000000086d00000| Untracked 
| 110|0x0000000086e00000, 0x0000000086f00000, 0x0000000086f00000|100%| O|  |TAMS 0x0000000086e00000, 0x0000000086e00000| Untracked 
| 111|0x0000000086f00000, 0x0000000087000000, 0x0000000087000000|100%| O|  |TAMS 0x0000000086f00000, 0x0000000086f00000| Untracked 
| 112|0x0000000087000000, 0x0000000087100000, 0x0000000087100000|100%| O|  |TAMS 0x0000000087000000, 0x0000000087000000| Untracked 
| 113|0x0000000087100000, 0x0000000087200000, 0x0000000087200000|100%| O|  |TAMS 0x0000000087100000, 0x0000000087100000| Untracked 
| 114|0x0000000087200000, 0x0000000087300000, 0x0000000087300000|100%| O|  |TAMS 0x0000000087200000, 0x0000000087200000| Untracked 
| 115|0x0000000087300000, 0x000000008735bc00, 0x0000000087400000| 35%| O|  |TAMS 0x0000000087300000, 0x0000000087300000| Untracked 
| 116|0x0000000087400000, 0x0000000087500000, 0x0000000087500000|100%|HS|  |TAMS 0x0000000087400000, 0x0000000087400000| Complete 
| 117|0x0000000087500000, 0x0000000087500000, 0x0000000087600000|  0%| F|  |TAMS 0x0000000087500000, 0x0000000087500000| Untracked 
| 118|0x0000000087600000, 0x0000000087600000, 0x0000000087700000|  0%| F|  |TAMS 0x0000000087600000, 0x0000000087600000| Untracked 
| 119|0x0000000087700000, 0x0000000087700000, 0x0000000087800000|  0%| F|  |TAMS 0x0000000087700000, 0x0000000087700000| Untracked 
| 120|0x0000000087800000, 0x0000000087800000, 0x0000000087900000|  0%| F|  |TAMS 0x0000000087800000, 0x0000000087800000| Untracked 
| 121|0x0000000087900000, 0x0000000087900000, 0x0000000087a00000|  0%| F|  |TAMS 0x0000000087900000, 0x0000000087900000| Untracked 
| 122|0x0000000087a00000, 0x0000000087a00000, 0x0000000087b00000|  0%| F|  |TAMS 0x0000000087a00000, 0x0000000087a00000| Untracked 
| 123|0x0000000087b00000, 0x0000000087b00000, 0x0000000087c00000|  0%| F|  |TAMS 0x0000000087b00000, 0x0000000087b00000| Untracked 
| 124|0x0000000087c00000, 0x0000000087c00000, 0x0000000087d00000|  0%| F|  |TAMS 0x0000000087c00000, 0x0000000087c00000| Untracked 
| 125|0x0000000087d00000, 0x0000000087d00000, 0x0000000087e00000|  0%| F|  |TAMS 0x0000000087d00000, 0x0000000087d00000| Untracked 
| 126|0x0000000087e00000, 0x0000000087e00000, 0x0000000087f00000|  0%| F|  |TAMS 0x0000000087e00000, 0x0000000087e00000| Untracked 
| 127|0x0000000087f00000, 0x0000000087f00000, 0x0000000088000000|  0%| F|  |TAMS 0x0000000087f00000, 0x0000000087f00000| Untracked 
| 128|0x0000000088000000, 0x0000000088000000, 0x0000000088100000|  0%| F|  |TAMS 0x0000000088000000, 0x0000000088000000| Untracked 
| 129|0x0000000088100000, 0x0000000088100000, 0x0000000088200000|  0%| F|  |TAMS 0x0000000088100000, 0x0000000088100000| Untracked 
| 130|0x0000000088200000, 0x0000000088200000, 0x0000000088300000|  0%| F|  |TAMS 0x0000000088200000, 0x0000000088200000| Untracked 
| 131|0x0000000088300000, 0x0000000088300000, 0x0000000088400000|  0%| F|  |TAMS 0x0000000088300000, 0x0000000088300000| Untracked 
| 132|0x0000000088400000, 0x0000000088400000, 0x0000000088500000|  0%| F|  |TAMS 0x0000000088400000, 0x0000000088400000| Untracked 
| 133|0x0000000088500000, 0x0000000088500000, 0x0000000088600000|  0%| F|  |TAMS 0x0000000088500000, 0x0000000088500000| Untracked 
| 134|0x0000000088600000, 0x0000000088600000, 0x0000000088700000|  0%| F|  |TAMS 0x0000000088600000, 0x0000000088600000| Untracked 
| 135|0x0000000088700000, 0x0000000088700000, 0x0000000088800000|  0%| F|  |TAMS 0x0000000088700000, 0x0000000088700000| Untracked 
| 136|0x0000000088800000, 0x0000000088800000, 0x0000000088900000|  0%| F|  |TAMS 0x0000000088800000, 0x0000000088800000| Untracked 
| 137|0x0000000088900000, 0x0000000088900000, 0x0000000088a00000|  0%| F|  |TAMS 0x0000000088900000, 0x0000000088900000| Untracked 
| 138|0x0000000088a00000, 0x0000000088a00000, 0x0000000088b00000|  0%| F|  |TAMS 0x0000000088a00000, 0x0000000088a00000| Untracked 
| 139|0x0000000088b00000, 0x0000000088b00000, 0x0000000088c00000|  0%| F|  |TAMS 0x0000000088b00000, 0x0000000088b00000| Untracked 
| 140|0x0000000088c00000, 0x0000000088c00000, 0x0000000088d00000|  0%| F|  |TAMS 0x0000000088c00000, 0x0000000088c00000| Untracked 
| 141|0x0000000088d00000, 0x0000000088d00000, 0x0000000088e00000|  0%| F|  |TAMS 0x0000000088d00000, 0x0000000088d00000| Untracked 
| 142|0x0000000088e00000, 0x0000000088e00000, 0x0000000088f00000|  0%| F|  |TAMS 0x0000000088e00000, 0x0000000088e00000| Untracked 
| 143|0x0000000088f00000, 0x0000000088f00000, 0x0000000089000000|  0%| F|  |TAMS 0x0000000088f00000, 0x0000000088f00000| Untracked 
| 144|0x0000000089000000, 0x0000000089000000, 0x0000000089100000|  0%| F|  |TAMS 0x0000000089000000, 0x0000000089000000| Untracked 
| 145|0x0000000089100000, 0x0000000089100000, 0x0000000089200000|  0%| F|  |TAMS 0x0000000089100000, 0x0000000089100000| Untracked 
| 146|0x0000000089200000, 0x0000000089200000, 0x0000000089300000|  0%| F|  |TAMS 0x0000000089200000, 0x0000000089200000| Untracked 
| 147|0x0000000089300000, 0x0000000089300000, 0x0000000089400000|  0%| F|  |TAMS 0x0000000089300000, 0x0000000089300000| Untracked 
| 148|0x0000000089400000, 0x0000000089400000, 0x0000000089500000|  0%| F|  |TAMS 0x0000000089400000, 0x0000000089400000| Untracked 
| 149|0x0000000089500000, 0x0000000089500000, 0x0000000089600000|  0%| F|  |TAMS 0x0000000089500000, 0x0000000089500000| Untracked 
| 150|0x0000000089600000, 0x0000000089600000, 0x0000000089700000|  0%| F|  |TAMS 0x0000000089600000, 0x0000000089600000| Untracked 
| 151|0x0000000089700000, 0x0000000089700000, 0x0000000089800000|  0%| F|  |TAMS 0x0000000089700000, 0x0000000089700000| Untracked 
| 152|0x0000000089800000, 0x0000000089800000, 0x0000000089900000|  0%| F|  |TAMS 0x0000000089800000, 0x0000000089800000| Untracked 
| 153|0x0000000089900000, 0x0000000089900000, 0x0000000089a00000|  0%| F|  |TAMS 0x0000000089900000, 0x0000000089900000| Untracked 
| 154|0x0000000089a00000, 0x0000000089a00000, 0x0000000089b00000|  0%| F|  |TAMS 0x0000000089a00000, 0x0000000089a00000| Untracked 
| 155|0x0000000089b00000, 0x0000000089b00000, 0x0000000089c00000|  0%| F|  |TAMS 0x0000000089b00000, 0x0000000089b00000| Untracked 
| 156|0x0000000089c00000, 0x0000000089c00000, 0x0000000089d00000|  0%| F|  |TAMS 0x0000000089c00000, 0x0000000089c00000| Untracked 
| 157|0x0000000089d00000, 0x0000000089d00000, 0x0000000089e00000|  0%| F|  |TAMS 0x0000000089d00000, 0x0000000089d00000| Untracked 
| 158|0x0000000089e00000, 0x0000000089e00000, 0x0000000089f00000|  0%| F|  |TAMS 0x0000000089e00000, 0x0000000089e00000| Untracked 
| 159|0x0000000089f00000, 0x0000000089f00000, 0x000000008a000000|  0%| F|  |TAMS 0x0000000089f00000, 0x0000000089f00000| Untracked 
| 160|0x000000008a000000, 0x000000008a000000, 0x000000008a100000|  0%| F|  |TAMS 0x000000008a000000, 0x000000008a000000| Untracked 
| 161|0x000000008a100000, 0x000000008a100000, 0x000000008a200000|  0%| F|  |TAMS 0x000000008a100000, 0x000000008a100000| Untracked 
| 162|0x000000008a200000, 0x000000008a200000, 0x000000008a300000|  0%| F|  |TAMS 0x000000008a200000, 0x000000008a200000| Untracked 
| 163|0x000000008a300000, 0x000000008a300000, 0x000000008a400000|  0%| F|  |TAMS 0x000000008a300000, 0x000000008a300000| Untracked 
| 164|0x000000008a400000, 0x000000008a400000, 0x000000008a500000|  0%| F|  |TAMS 0x000000008a400000, 0x000000008a400000| Untracked 
| 165|0x000000008a500000, 0x000000008a500000, 0x000000008a600000|  0%| F|  |TAMS 0x000000008a500000, 0x000000008a500000| Untracked 
| 166|0x000000008a600000, 0x000000008a600000, 0x000000008a700000|  0%| F|  |TAMS 0x000000008a600000, 0x000000008a600000| Untracked 
| 167|0x000000008a700000, 0x000000008a700000, 0x000000008a800000|  0%| F|  |TAMS 0x000000008a700000, 0x000000008a700000| Untracked 
| 168|0x000000008a800000, 0x000000008a800000, 0x000000008a900000|  0%| F|  |TAMS 0x000000008a800000, 0x000000008a800000| Untracked 
| 169|0x000000008a900000, 0x000000008a900000, 0x000000008aa00000|  0%| F|  |TAMS 0x000000008a900000, 0x000000008a900000| Untracked 
| 170|0x000000008aa00000, 0x000000008aa00000, 0x000000008ab00000|  0%| F|  |TAMS 0x000000008aa00000, 0x000000008aa00000| Untracked 
| 171|0x000000008ab00000, 0x000000008ab00000, 0x000000008ac00000|  0%| F|  |TAMS 0x000000008ab00000, 0x000000008ab00000| Untracked 
| 172|0x000000008ac00000, 0x000000008ad00000, 0x000000008ad00000|100%| S|CS|TAMS 0x000000008ac00000, 0x000000008ac00000| Complete 
| 173|0x000000008ad00000, 0x000000008ae00000, 0x000000008ae00000|100%| S|CS|TAMS 0x000000008ad00000, 0x000000008ad00000| Complete 
| 174|0x000000008ae00000, 0x000000008af00000, 0x000000008af00000|100%| S|CS|TAMS 0x000000008ae00000, 0x000000008ae00000| Complete 
| 175|0x000000008af00000, 0x000000008b000000, 0x000000008b000000|100%| S|CS|TAMS 0x000000008af00000, 0x000000008af00000| Complete 
| 176|0x000000008b000000, 0x000000008b100000, 0x000000008b100000|100%| S|CS|TAMS 0x000000008b000000, 0x000000008b000000| Complete 
| 177|0x000000008b100000, 0x000000008b200000, 0x000000008b200000|100%| S|CS|TAMS 0x000000008b100000, 0x000000008b100000| Complete 
| 178|0x000000008b200000, 0x000000008b300000, 0x000000008b300000|100%| S|CS|TAMS 0x000000008b200000, 0x000000008b200000| Complete 
| 179|0x000000008b300000, 0x000000008b400000, 0x000000008b400000|100%| S|CS|TAMS 0x000000008b300000, 0x000000008b300000| Complete 
| 180|0x000000008b400000, 0x000000008b500000, 0x000000008b500000|100%| S|CS|TAMS 0x000000008b400000, 0x000000008b400000| Complete 
| 181|0x000000008b500000, 0x000000008b600000, 0x000000008b600000|100%| S|CS|TAMS 0x000000008b500000, 0x000000008b500000| Complete 
| 182|0x000000008b600000, 0x000000008b700000, 0x000000008b700000|100%| S|CS|TAMS 0x000000008b600000, 0x000000008b600000| Complete 
| 183|0x000000008b700000, 0x000000008b700000, 0x000000008b800000|  0%| F|  |TAMS 0x000000008b700000, 0x000000008b700000| Untracked 
| 184|0x000000008b800000, 0x000000008b800000, 0x000000008b900000|  0%| F|  |TAMS 0x000000008b800000, 0x000000008b800000| Untracked 
| 185|0x000000008b900000, 0x000000008b900000, 0x000000008ba00000|  0%| F|  |TAMS 0x000000008b900000, 0x000000008b900000| Untracked 
| 186|0x000000008ba00000, 0x000000008ba00000, 0x000000008bb00000|  0%| F|  |TAMS 0x000000008ba00000, 0x000000008ba00000| Untracked 
| 187|0x000000008bb00000, 0x000000008bb00000, 0x000000008bc00000|  0%| F|  |TAMS 0x000000008bb00000, 0x000000008bb00000| Untracked 
| 188|0x000000008bc00000, 0x000000008bc00000, 0x000000008bd00000|  0%| F|  |TAMS 0x000000008bc00000, 0x000000008bc00000| Untracked 
| 189|0x000000008bd00000, 0x000000008bd00000, 0x000000008be00000|  0%| F|  |TAMS 0x000000008bd00000, 0x000000008bd00000| Untracked 
| 190|0x000000008be00000, 0x000000008be00000, 0x000000008bf00000|  0%| F|  |TAMS 0x000000008be00000, 0x000000008be00000| Untracked 
| 191|0x000000008bf00000, 0x000000008bf00000, 0x000000008c000000|  0%| F|  |TAMS 0x000000008bf00000, 0x000000008bf00000| Untracked 
| 192|0x000000008c000000, 0x000000008c000000, 0x000000008c100000|  0%| F|  |TAMS 0x000000008c000000, 0x000000008c000000| Untracked 
| 193|0x000000008c100000, 0x000000008c100000, 0x000000008c200000|  0%| F|  |TAMS 0x000000008c100000, 0x000000008c100000| Untracked 
| 194|0x000000008c200000, 0x000000008c200000, 0x000000008c300000|  0%| F|  |TAMS 0x000000008c200000, 0x000000008c200000| Untracked 
| 195|0x000000008c300000, 0x000000008c300000, 0x000000008c400000|  0%| F|  |TAMS 0x000000008c300000, 0x000000008c300000| Untracked 
| 196|0x000000008c400000, 0x000000008c400000, 0x000000008c500000|  0%| F|  |TAMS 0x000000008c400000, 0x000000008c400000| Untracked 
| 197|0x000000008c500000, 0x000000008c500000, 0x000000008c600000|  0%| F|  |TAMS 0x000000008c500000, 0x000000008c500000| Untracked 
| 198|0x000000008c600000, 0x000000008c600000, 0x000000008c700000|  0%| F|  |TAMS 0x000000008c600000, 0x000000008c600000| Untracked 
| 199|0x000000008c700000, 0x000000008c700000, 0x000000008c800000|  0%| F|  |TAMS 0x000000008c700000, 0x000000008c700000| Untracked 
| 200|0x000000008c800000, 0x000000008c800000, 0x000000008c900000|  0%| F|  |TAMS 0x000000008c800000, 0x000000008c800000| Untracked 
| 201|0x000000008c900000, 0x000000008c900000, 0x000000008ca00000|  0%| F|  |TAMS 0x000000008c900000, 0x000000008c900000| Untracked 
| 202|0x000000008ca00000, 0x000000008ca00000, 0x000000008cb00000|  0%| F|  |TAMS 0x000000008ca00000, 0x000000008ca00000| Untracked 
| 203|0x000000008cb00000, 0x000000008cb00000, 0x000000008cc00000|  0%| F|  |TAMS 0x000000008cb00000, 0x000000008cb00000| Untracked 
| 204|0x000000008cc00000, 0x000000008cc00000, 0x000000008cd00000|  0%| F|  |TAMS 0x000000008cc00000, 0x000000008cc00000| Untracked 
| 205|0x000000008cd00000, 0x000000008cd00000, 0x000000008ce00000|  0%| F|  |TAMS 0x000000008cd00000, 0x000000008cd00000| Untracked 
| 206|0x000000008ce00000, 0x000000008ce00000, 0x000000008cf00000|  0%| F|  |TAMS 0x000000008ce00000, 0x000000008ce00000| Untracked 
| 207|0x000000008cf00000, 0x000000008cf00000, 0x000000008d000000|  0%| F|  |TAMS 0x000000008cf00000, 0x000000008cf00000| Untracked 
| 208|0x000000008d000000, 0x000000008d000000, 0x000000008d100000|  0%| F|  |TAMS 0x000000008d000000, 0x000000008d000000| Untracked 
| 209|0x000000008d100000, 0x000000008d100000, 0x000000008d200000|  0%| F|  |TAMS 0x000000008d100000, 0x000000008d100000| Untracked 
| 210|0x000000008d200000, 0x000000008d200000, 0x000000008d300000|  0%| F|  |TAMS 0x000000008d200000, 0x000000008d200000| Untracked 
| 211|0x000000008d300000, 0x000000008d300000, 0x000000008d400000|  0%| F|  |TAMS 0x000000008d300000, 0x000000008d300000| Untracked 
| 212|0x000000008d400000, 0x000000008d400000, 0x000000008d500000|  0%| F|  |TAMS 0x000000008d400000, 0x000000008d400000| Untracked 
| 213|0x000000008d500000, 0x000000008d500000, 0x000000008d600000|  0%| F|  |TAMS 0x000000008d500000, 0x000000008d500000| Untracked 
| 214|0x000000008d600000, 0x000000008d600000, 0x000000008d700000|  0%| F|  |TAMS 0x000000008d600000, 0x000000008d600000| Untracked 
| 215|0x000000008d700000, 0x000000008d700000, 0x000000008d800000|  0%| F|  |TAMS 0x000000008d700000, 0x000000008d700000| Untracked 
| 216|0x000000008d800000, 0x000000008d800000, 0x000000008d900000|  0%| F|  |TAMS 0x000000008d800000, 0x000000008d800000| Untracked 
| 217|0x000000008d900000, 0x000000008d900000, 0x000000008da00000|  0%| F|  |TAMS 0x000000008d900000, 0x000000008d900000| Untracked 
| 218|0x000000008da00000, 0x000000008da00000, 0x000000008db00000|  0%| F|  |TAMS 0x000000008da00000, 0x000000008da00000| Untracked 
| 219|0x000000008db00000, 0x000000008db00000, 0x000000008dc00000|  0%| F|  |TAMS 0x000000008db00000, 0x000000008db00000| Untracked 
| 220|0x000000008dc00000, 0x000000008dc00000, 0x000000008dd00000|  0%| F|  |TAMS 0x000000008dc00000, 0x000000008dc00000| Untracked 
| 221|0x000000008dd00000, 0x000000008dd00000, 0x000000008de00000|  0%| F|  |TAMS 0x000000008dd00000, 0x000000008dd00000| Untracked 
| 222|0x000000008de00000, 0x000000008de00000, 0x000000008df00000|  0%| F|  |TAMS 0x000000008de00000, 0x000000008de00000| Untracked 
| 223|0x000000008df00000, 0x000000008df00000, 0x000000008e000000|  0%| F|  |TAMS 0x000000008df00000, 0x000000008df00000| Untracked 
| 224|0x000000008e000000, 0x000000008e000000, 0x000000008e100000|  0%| F|  |TAMS 0x000000008e000000, 0x000000008e000000| Untracked 
| 225|0x000000008e100000, 0x000000008e100000, 0x000000008e200000|  0%| F|  |TAMS 0x000000008e100000, 0x000000008e100000| Untracked 
| 226|0x000000008e200000, 0x000000008e200000, 0x000000008e300000|  0%| F|  |TAMS 0x000000008e200000, 0x000000008e200000| Untracked 
| 227|0x000000008e300000, 0x000000008e300000, 0x000000008e400000|  0%| F|  |TAMS 0x000000008e300000, 0x000000008e300000| Untracked 
| 228|0x000000008e400000, 0x000000008e400000, 0x000000008e500000|  0%| F|  |TAMS 0x000000008e400000, 0x000000008e400000| Untracked 
| 229|0x000000008e500000, 0x000000008e500000, 0x000000008e600000|  0%| F|  |TAMS 0x000000008e500000, 0x000000008e500000| Untracked 
| 230|0x000000008e600000, 0x000000008e600000, 0x000000008e700000|  0%| F|  |TAMS 0x000000008e600000, 0x000000008e600000| Untracked 
| 231|0x000000008e700000, 0x000000008e700000, 0x000000008e800000|  0%| F|  |TAMS 0x000000008e700000, 0x000000008e700000| Untracked 
| 232|0x000000008e800000, 0x000000008e800000, 0x000000008e900000|  0%| F|  |TAMS 0x000000008e800000, 0x000000008e800000| Untracked 
| 233|0x000000008e900000, 0x000000008e900000, 0x000000008ea00000|  0%| F|  |TAMS 0x000000008e900000, 0x000000008e900000| Untracked 
| 234|0x000000008ea00000, 0x000000008ea00000, 0x000000008eb00000|  0%| F|  |TAMS 0x000000008ea00000, 0x000000008ea00000| Untracked 
| 235|0x000000008eb00000, 0x000000008eb00000, 0x000000008ec00000|  0%| F|  |TAMS 0x000000008eb00000, 0x000000008eb00000| Untracked 
| 236|0x000000008ec00000, 0x000000008ec00000, 0x000000008ed00000|  0%| F|  |TAMS 0x000000008ec00000, 0x000000008ec00000| Untracked 
| 237|0x000000008ed00000, 0x000000008ed00000, 0x000000008ee00000|  0%| F|  |TAMS 0x000000008ed00000, 0x000000008ed00000| Untracked 
| 238|0x000000008ee00000, 0x000000008ee00000, 0x000000008ef00000|  0%| F|  |TAMS 0x000000008ee00000, 0x000000008ee00000| Untracked 
| 239|0x000000008ef00000, 0x000000008ef00000, 0x000000008f000000|  0%| F|  |TAMS 0x000000008ef00000, 0x000000008ef00000| Untracked 
| 240|0x000000008f000000, 0x000000008f000000, 0x000000008f100000|  0%| F|  |TAMS 0x000000008f000000, 0x000000008f000000| Untracked 
| 241|0x000000008f100000, 0x000000008f100000, 0x000000008f200000|  0%| F|  |TAMS 0x000000008f100000, 0x000000008f100000| Untracked 
| 242|0x000000008f200000, 0x000000008f200000, 0x000000008f300000|  0%| F|  |TAMS 0x000000008f200000, 0x000000008f200000| Untracked 
| 243|0x000000008f300000, 0x000000008f300000, 0x000000008f400000|  0%| F|  |TAMS 0x000000008f300000, 0x000000008f300000| Untracked 
| 244|0x000000008f400000, 0x000000008f476e10, 0x000000008f500000| 46%| E|  |TAMS 0x000000008f400000, 0x000000008f400000| Complete 
| 245|0x000000008f500000, 0x000000008f600000, 0x000000008f600000|100%| E|CS|TAMS 0x000000008f500000, 0x000000008f500000| Complete 
| 246|0x000000008f600000, 0x000000008f700000, 0x000000008f700000|100%| E|  |TAMS 0x000000008f600000, 0x000000008f600000| Complete 
| 247|0x000000008f700000, 0x000000008f800000, 0x000000008f800000|100%| E|CS|TAMS 0x000000008f700000, 0x000000008f700000| Complete 
| 248|0x000000008f800000, 0x000000008f900000, 0x000000008f900000|100%| E|CS|TAMS 0x000000008f800000, 0x000000008f800000| Complete 
| 249|0x000000008f900000, 0x000000008fa00000, 0x000000008fa00000|100%| E|CS|TAMS 0x000000008f900000, 0x000000008f900000| Complete 
| 250|0x000000008fa00000, 0x000000008fb00000, 0x000000008fb00000|100%| E|CS|TAMS 0x000000008fa00000, 0x000000008fa00000| Complete 
| 251|0x000000008fb00000, 0x000000008fc00000, 0x000000008fc00000|100%| E|CS|TAMS 0x000000008fb00000, 0x000000008fb00000| Complete 
| 252|0x000000008fc00000, 0x000000008fd00000, 0x000000008fd00000|100%| E|CS|TAMS 0x000000008fc00000, 0x000000008fc00000| Complete 
| 253|0x000000008fd00000, 0x000000008fe00000, 0x000000008fe00000|100%| E|CS|TAMS 0x000000008fd00000, 0x000000008fd00000| Complete 
| 254|0x000000008fe00000, 0x000000008ff00000, 0x000000008ff00000|100%| E|CS|TAMS 0x000000008fe00000, 0x000000008fe00000| Complete 
| 255|0x000000008ff00000, 0x0000000090000000, 0x0000000090000000|100%| E|CS|TAMS 0x000000008ff00000, 0x000000008ff00000| Complete 
| 256|0x0000000090000000, 0x0000000090100000, 0x0000000090100000|100%| E|CS|TAMS 0x0000000090000000, 0x0000000090000000| Complete 
| 257|0x0000000090100000, 0x0000000090200000, 0x0000000090200000|100%| E|CS|TAMS 0x0000000090100000, 0x0000000090100000| Complete 
| 258|0x0000000090200000, 0x0000000090300000, 0x0000000090300000|100%| E|CS|TAMS 0x0000000090200000, 0x0000000090200000| Complete 
| 259|0x0000000090300000, 0x0000000090400000, 0x0000000090400000|100%| E|CS|TAMS 0x0000000090300000, 0x0000000090300000| Complete 
| 260|0x0000000090400000, 0x0000000090500000, 0x0000000090500000|100%| E|CS|TAMS 0x0000000090400000, 0x0000000090400000| Complete 
| 261|0x0000000090500000, 0x0000000090600000, 0x0000000090600000|100%| E|CS|TAMS 0x0000000090500000, 0x0000000090500000| Complete 

Card table byte_map: [0x0000016dd2ab0000,0x0000016dd2eb0000] _byte_map_base: 0x0000016dd26b0000

Marking Bits (Prev, Next): (CMBitMap*) 0x0000016dbf8afa10, (CMBitMap*) 0x0000016dbf8af9d8
 Prev Bits: [0x0000016dd52b0000, 0x0000016dd72b0000)
 Next Bits: [0x0000016dd32b0000, 0x0000016dd52b0000)

Polling page: 0x0000016dbd5d0000

Metaspace:

Usage:
  Non-class:    107.47 MB capacity,   105.71 MB ( 98%) used,     1.43 MB (  1%) free+waste,   332.38 KB ( <1%) overhead. 
      Class:     16.39 MB capacity,    15.39 MB ( 94%) used,   871.16 KB (  5%) free+waste,   145.31 KB ( <1%) overhead. 
       Both:    123.85 MB capacity,   121.10 MB ( 98%) used,     2.28 MB (  2%) free+waste,   477.69 KB ( <1%) overhead. 

Virtual space:
  Non-class space:      108.00 MB reserved,     107.50 MB (>99%) committed 
      Class space:        1.00 GB reserved,      16.50 MB (  2%) committed 
             Both:        1.11 GB reserved,     124.00 MB ( 11%) committed 

Chunk freelists:
   Non-Class:  35.00 KB
       Class:  20.00 KB
        Both:  55.00 KB

MaxMetaspaceSize: 17179869184.00 GB
CompressedClassSpaceSize: 1.00 GB
Initial GC threshold: 20.80 MB
Current GC threshold: 203.75 MB
CDS: off

CodeHeap 'non-profiled nmethods': size=120000Kb used=9496Kb max_used=9496Kb free=110503Kb
 bounds [0x0000016dcae50000, 0x0000016dcb7a0000, 0x0000016dd2380000]
CodeHeap 'profiled nmethods': size=120000Kb used=33025Kb max_used=33025Kb free=86974Kb
 bounds [0x0000016dc3920000, 0x0000016dc5970000, 0x0000016dcae50000]
CodeHeap 'non-nmethods': size=5760Kb used=2387Kb max_used=2449Kb free=3372Kb
 bounds [0x0000016dc3380000, 0x0000016dc35f0000, 0x0000016dc3920000]
 total_blobs=15694 nmethods=14799 adapters=807
 compilation: enabled
              stopped_count=0, restarted_count=0
 full_count=0

Compilation events (20 events):
Event: 858.787 Thread 0x0000016dda68e800 15097       3       org.apache.xerces.impl.XMLErrorReporter::getFeatureDefault (36 bytes)
Event: 858.791 Thread 0x0000016dda68e800 nmethod 15097 0x0000016dc5953810 code [0x0000016dc59539e0, 0x0000016dc5953ca8]
Event: 858.791 Thread 0x0000016dda68e800 15098       3       org.apache.xerces.impl.XMLErrorReporter::getPropertyDefault (36 bytes)
Event: 858.792 Thread 0x0000016dda68e800 nmethod 15098 0x0000016dc5953e90 code [0x0000016dc5954060, 0x0000016dc5954328]
Event: 858.792 Thread 0x0000016dda68e800 15088       3       org.apache.xerces.util.SymbolTable::<init> (134 bytes)
Event: 858.812 Thread 0x0000016dda68e800 nmethod 15088 0x0000016dc5954510 code [0x0000016dc5954840, 0x0000016dc5955ca8]
Event: 858.812 Thread 0x0000016dda68e800 15089       3       org.apache.xerces.impl.XMLEntityManager::<init> (173 bytes)
Event: 858.825 Thread 0x0000016dda68e800 nmethod 15089 0x0000016dc5956290 code [0x0000016dc59565e0, 0x0000016dc5957c68]
Event: 858.825 Thread 0x0000016dda68e800 15090       3       org.apache.xerces.impl.XMLEntityManager$CharacterBufferPool::<init> (8 bytes)
Event: 858.825 Thread 0x0000016dda68e800 nmethod 15090 0x0000016dc5958310 code [0x0000016dc59584e0, 0x0000016dc59586e8]
Event: 858.825 Thread 0x0000016dda68e800 15091       3       org.apache.xerces.impl.XMLEntityManager$CharacterBufferPool::<init> (24 bytes)
Event: 858.829 Thread 0x0000016dda688000 nmethod 15086 0x0000016dcb794190 code [0x0000016dcb794360, 0x0000016dcb794da8]
Event: 858.829 Thread 0x0000016dda688000 15101       4       org.apache.xerces.impl.XMLDocumentScannerImpl::getPropertyDefault (40 bytes)
Event: 858.830 Thread 0x0000016dda68e800 nmethod 15091 0x0000016dc5958810 code [0x0000016dc59589e0, 0x0000016dc5958d98]
Event: 858.851 Thread 0x0000016dda688000 nmethod 15101 0x0000016dcb795310 code [0x0000016dcb7954c0, 0x0000016dcb795ef8]
Event: 858.864 Thread 0x0000016dda688000 15104   !   4       org.apache.xerces.impl.XMLDocumentFragmentScannerImpl$FragmentContentDispatcher::dispatch (1128 bytes)
Event: 858.886 Thread 0x0000016dda68e800 15108       3       org.apache.xerces.dom.ElementImpl::getDefaultAttributes (48 bytes)
Event: 858.894 Thread 0x0000016dda68e800 nmethod 15108 0x0000016dc5958e90 code [0x0000016dc59590e0, 0x0000016dc5959be8]
Event: 858.894 Thread 0x0000016dda68e800 15109       3       org.apache.xerces.dom.ParentNode::getChildNodes (13 bytes)
Event: 858.896 Thread 0x0000016dda68e800 nmethod 15109 0x0000016dc5959e90 code [0x0000016dc595a060, 0x0000016dc595a328]

GC Heap History (20 events):
Event: 843.073 GC heap before
{Heap before GC invocations=31 (full 0):
 garbage-first heap   total 152576K, used 128703K [0x0000000080000000, 0x0000000100000000)
  region size 1024K, 40 young (40960K), 3 survivors (3072K)
 Metaspace       used 115042K, capacity 117829K, committed 117888K, reserved 1150976K
  class space    used 14706K, capacity 15702K, committed 15744K, reserved 1048576K
}
Event: 843.080 GC heap after
{Heap after GC invocations=32 (full 0):
 garbage-first heap   total 152576K, used 93507K [0x0000000080000000, 0x0000000100000000)
  region size 1024K, 3 young (3072K), 3 survivors (3072K)
 Metaspace       used 115042K, capacity 117829K, committed 117888K, reserved 1150976K
  class space    used 14706K, capacity 15702K, committed 15744K, reserved 1048576K
}
Event: 843.129 GC heap before
{Heap before GC invocations=32 (full 0):
 garbage-first heap   total 152576K, used 97603K [0x0000000080000000, 0x0000000100000000)
  region size 1024K, 7 young (7168K), 3 survivors (3072K)
 Metaspace       used 115051K, capacity 117829K, committed 117888K, reserved 1150976K
  class space    used 14707K, capacity 15702K, committed 15744K, reserved 1048576K
}
Event: 843.136 GC heap after
{Heap after GC invocations=33 (full 0):
 garbage-first heap   total 152576K, used 93807K [0x0000000080000000, 0x0000000100000000)
  region size 1024K, 1 young (1024K), 1 survivors (1024K)
 Metaspace       used 115051K, capacity 117829K, committed 117888K, reserved 1150976K
  class space    used 14707K, capacity 15702K, committed 15744K, reserved 1048576K
}
Event: 843.992 GC heap before
{Heap before GC invocations=33 (full 0):
 garbage-first heap   total 152576K, used 128623K [0x0000000080000000, 0x0000000100000000)
  region size 1024K, 35 young (35840K), 1 survivors (1024K)
 Metaspace       used 117498K, capacity 120286K, committed 120576K, reserved 1153024K
  class space    used 15043K, capacity 16047K, committed 16128K, reserved 1048576K
}
Event: 844.000 GC heap after
{Heap after GC invocations=34 (full 0):
 garbage-first heap   total 152576K, used 96174K [0x0000000080000000, 0x0000000100000000)
  region size 1024K, 3 young (3072K), 3 survivors (3072K)
 Metaspace       used 117498K, capacity 120286K, committed 120576K, reserved 1153024K
  class space    used 15043K, capacity 16047K, committed 16128K, reserved 1048576K
}
Event: 844.800 GC heap before
{Heap before GC invocations=35 (full 0):
 garbage-first heap   total 152576K, used 128942K [0x0000000080000000, 0x0000000100000000)
  region size 1024K, 35 young (35840K), 3 survivors (3072K)
 Metaspace       used 120218K, capacity 123042K, committed 123264K, reserved 1157120K
  class space    used 15438K, capacity 16459K, committed 16512K, reserved 1048576K
}
Event: 844.811 GC heap after
{Heap after GC invocations=36 (full 0):
 garbage-first heap   total 152576K, used 98507K [0x0000000080000000, 0x0000000100000000)
  region size 1024K, 5 young (5120K), 5 survivors (5120K)
 Metaspace       used 120218K, capacity 123042K, committed 123264K, reserved 1157120K
  class space    used 15438K, capacity 16459K, committed 16512K, reserved 1048576K
}
Event: 844.841 GC heap before
{Heap before GC invocations=36 (full 0):
 garbage-first heap   total 152576K, used 100555K [0x0000000080000000, 0x0000000100000000)
  region size 1024K, 7 young (7168K), 5 survivors (5120K)
 Metaspace       used 120309K, capacity 123171K, committed 123264K, reserved 1157120K
  class space    used 15447K, capacity 16459K, committed 16512K, reserved 1048576K
}
Event: 845.008 GC heap after
{Heap after GC invocations=37 (full 0):
 garbage-first heap   total 152576K, used 98580K [0x0000000080000000, 0x0000000100000000)
  region size 1024K, 1 young (1024K), 1 survivors (1024K)
 Metaspace       used 120309K, capacity 123171K, committed 123264K, reserved 1157120K
  class space    used 15447K, capacity 16459K, committed 16512K, reserved 1048576K
}
Event: 846.025 GC heap before
{Heap before GC invocations=37 (full 0):
 garbage-first heap   total 152576K, used 128276K [0x0000000080000000, 0x0000000100000000)
  region size 1024K, 31 young (31744K), 1 survivors (1024K)
 Metaspace       used 122015K, capacity 124885K, committed 125184K, reserved 1157120K
  class space    used 15552K, capacity 16569K, committed 16640K, reserved 1048576K
}
Event: 846.037 GC heap after
{Heap after GC invocations=38 (full 0):
 garbage-first heap   total 152576K, used 103084K [0x0000000080000000, 0x0000000100000000)
  region size 1024K, 4 young (4096K), 4 survivors (4096K)
 Metaspace       used 122015K, capacity 124885K, committed 125184K, reserved 1157120K
  class space    used 15552K, capacity 16569K, committed 16640K, reserved 1048576K
}
Event: 846.418 GC heap before
{Heap before GC invocations=39 (full 0):
 garbage-first heap   total 152576K, used 127660K [0x0000000080000000, 0x0000000100000000)
  region size 1024K, 29 young (29696K), 4 survivors (4096K)
 Metaspace       used 122101K, capacity 124973K, committed 125184K, reserved 1157120K
  class space    used 15568K, capacity 16575K, committed 16640K, reserved 1048576K
}
Event: 846.428 GC heap after
{Heap after GC invocations=40 (full 0):
 garbage-first heap   total 152576K, used 104869K [0x0000000080000000, 0x0000000100000000)
  region size 1024K, 2 young (2048K), 2 survivors (2048K)
 Metaspace       used 122101K, capacity 124973K, committed 125184K, reserved 1157120K
  class space    used 15568K, capacity 16575K, committed 16640K, reserved 1048576K
}
Event: 846.492 GC heap before
{Heap before GC invocations=40 (full 0):
 garbage-first heap   total 152576K, used 108965K [0x0000000080000000, 0x0000000100000000)
  region size 1024K, 7 young (7168K), 2 survivors (2048K)
 Metaspace       used 122101K, capacity 124973K, committed 125184K, reserved 1157120K
  class space    used 15568K, capacity 16575K, committed 16640K, reserved 1048576K
}
Event: 846.499 GC heap after
{Heap after GC invocations=41 (full 0):
 garbage-first heap   total 152576K, used 104453K [0x0000000080000000, 0x0000000100000000)
  region size 1024K, 1 young (1024K), 1 survivors (1024K)
 Metaspace       used 122101K, capacity 124973K, committed 125184K, reserved 1157120K
  class space    used 15568K, capacity 16575K, committed 16640K, reserved 1048576K
}
Event: 846.798 GC heap before
{Heap before GC invocations=41 (full 0):
 garbage-first heap   total 152576K, used 126981K [0x0000000080000000, 0x0000000100000000)
  region size 1024K, 24 young (24576K), 1 survivors (1024K)
 Metaspace       used 122370K, capacity 125264K, committed 125568K, reserved 1159168K
  class space    used 15610K, capacity 16647K, committed 16768K, reserved 1048576K
}
Event: 846.807 GC heap after
{Heap after GC invocations=42 (full 0):
 garbage-first heap   total 268288K, used 105913K [0x0000000080000000, 0x0000000100000000)
  region size 1024K, 2 young (2048K), 2 survivors (2048K)
 Metaspace       used 122370K, capacity 125264K, committed 125568K, reserved 1159168K
  class space    used 15610K, capacity 16647K, committed 16768K, reserved 1048576K
}
Event: 852.155 GC heap before
{Heap before GC invocations=42 (full 0):
 garbage-first heap   total 268288K, used 187833K [0x0000000080000000, 0x0000000100000000)
  region size 1024K, 81 young (82944K), 2 survivors (2048K)
 Metaspace       used 123980K, capacity 126825K, committed 126976K, reserved 1159168K
  class space    used 15763K, capacity 16780K, committed 16896K, reserved 1048576K
}
Event: 852.299 GC heap after
{Heap after GC invocations=43 (full 0):
 garbage-first heap   total 268288K, used 127343K [0x0000000080000000, 0x0000000100000000)
  region size 1024K, 11 young (11264K), 11 survivors (11264K)
 Metaspace       used 123980K, capacity 126825K, committed 126976K, reserved 1159168K
  class space    used 15763K, capacity 16780K, committed 16896K, reserved 1048576K
}

Deoptimization events (20 events):
Event: 851.739 Thread 0x0000016de17bd000 DEOPT PACKING pc=0x0000016dcb76b598 sp=0x0000000de59fa4d0
Event: 851.739 Thread 0x0000016de17bd000 DEOPT UNPACKING pc=0x0000016dc33885af sp=0x0000000de59fa440 mode 2
Event: 852.871 Thread 0x0000016de17bd000 Uncommon trap: trap_request=0xffffffde fr.pc=0x0000016dcb77c1d4 relative=0x0000000000001214
Event: 852.871 Thread 0x0000016de17bd000 Uncommon trap: reason=class_check action=maybe_recompile pc=0x0000016dcb77c1d4 method=com.android.ide.common.resources.configuration.FolderConfiguration.getQualifierString()Ljava/lang/String; @ 37 c2
Event: 852.871 Thread 0x0000016de17bd000 DEOPT PACKING pc=0x0000016dcb77c1d4 sp=0x0000000de59fa410
Event: 852.871 Thread 0x0000016de17bd000 DEOPT UNPACKING pc=0x0000016dc33885af sp=0x0000000de59fa340 mode 2
Event: 853.354 Thread 0x0000016de17bd000 Uncommon trap: trap_request=0xffffffde fr.pc=0x0000016dcb77c1d4 relative=0x0000000000001214
Event: 853.354 Thread 0x0000016de17bd000 Uncommon trap: reason=class_check action=maybe_recompile pc=0x0000016dcb77c1d4 method=com.android.ide.common.resources.configuration.FolderConfiguration.getQualifierString()Ljava/lang/String; @ 37 c2
Event: 853.354 Thread 0x0000016de17bd000 DEOPT PACKING pc=0x0000016dcb77c1d4 sp=0x0000000de59fa410
Event: 853.354 Thread 0x0000016de17bd000 DEOPT UNPACKING pc=0x0000016dc33885af sp=0x0000000de59fa340 mode 2
Event: 853.389 Thread 0x0000016de17bd000 Uncommon trap: trap_request=0xffffffde fr.pc=0x0000016dcb77c1d4 relative=0x0000000000001214
Event: 853.389 Thread 0x0000016de17bd000 Uncommon trap: reason=class_check action=maybe_recompile pc=0x0000016dcb77c1d4 method=com.android.ide.common.resources.configuration.FolderConfiguration.getQualifierString()Ljava/lang/String; @ 37 c2
Event: 853.389 Thread 0x0000016de17bd000 DEOPT PACKING pc=0x0000016dcb77c1d4 sp=0x0000000de59fa410
Event: 853.389 Thread 0x0000016de17bd000 DEOPT UNPACKING pc=0x0000016dc33885af sp=0x0000000de59fa340 mode 2
Event: 853.428 Thread 0x0000016de17bd000 Uncommon trap: trap_request=0xffffffde fr.pc=0x0000016dcb77c1d4 relative=0x0000000000001214
Event: 853.428 Thread 0x0000016de17bd000 Uncommon trap: reason=class_check action=maybe_recompile pc=0x0000016dcb77c1d4 method=com.android.ide.common.resources.configuration.FolderConfiguration.getQualifierString()Ljava/lang/String; @ 37 c2
Event: 853.428 Thread 0x0000016de17bd000 DEOPT PACKING pc=0x0000016dcb77c1d4 sp=0x0000000de59fa410
Event: 853.428 Thread 0x0000016de17bd000 DEOPT UNPACKING pc=0x0000016dc33885af sp=0x0000000de59fa340 mode 2
Event: 858.865 Thread 0x0000016de17bd000 DEOPT PACKING pc=0x0000016dc579daa0 sp=0x0000000de59f9f10
Event: 858.866 Thread 0x0000016de17bd000 DEOPT UNPACKING pc=0x0000016dc33c9d0e sp=0x0000000de59f94c8 mode 0

Classes redefined (0 events):
No events

Internal exceptions (20 events):
Event: 844.628 Thread 0x0000016ddf6cf000 Exception <a 'java/lang/ClassNotFoundException'{0x0000000087b5e238}: com/google/gms/googleservices/GoogleServicesTaskCustomizer> (0x0000000087b5e238) thrown at [./src/hotspot/share/classfile/systemDictionary.cpp, line 231]
Event: 844.630 Thread 0x0000016ddf6cf000 Exception <a 'java/lang/ClassNotFoundException'{0x0000000087b8fbd0}: com/google/gms/googleservices/GoogleServicesTask_DecoratedCustomizer> (0x0000000087b8fbd0) thrown at [./src/hotspot/share/classfile/systemDictionary.cpp, line 231]
Event: 844.636 Thread 0x0000016ddf6cf000 Exception <a 'java/lang/ClassNotFoundException'{0x0000000087a132a0}: org/gradle/api/internal/file/DefaultFilePropertyFactory$DefaultDirectoryVarBeanInfo> (0x0000000087a132a0) thrown at [./src/hotspot/share/classfile/systemDictionary.cpp, line 231]
Event: 844.637 Thread 0x0000016ddf6cf000 Exception <a 'java/lang/ClassNotFoundException'{0x0000000087a2ef30}: org/gradle/api/internal/file/DefaultFilePropertyFactory$AbstractFileVarBeanInfo> (0x0000000087a2ef30) thrown at [./src/hotspot/share/classfile/systemDictionary.cpp, line 231]
Event: 844.637 Thread 0x0000016ddf6cf000 Exception <a 'java/lang/ClassNotFoundException'{0x0000000087a4aeb8}: org/gradle/api/internal/file/DefaultFilePropertyFactory$AbstractFileVarCustomizer> (0x0000000087a4aeb8) thrown at [./src/hotspot/share/classfile/systemDictionary.cpp, line 231]
Event: 844.645 Thread 0x0000016ddf6cf000 Exception <a 'java/lang/ClassNotFoundException'{0x0000000087aa5f38}: org/gradle/api/internal/file/DefaultFilePropertyFactory$DefaultDirectoryVarCustomizer> (0x0000000087aa5f38) thrown at [./src/hotspot/share/classfile/systemDictionary.cpp, line 231]
Event: 844.653 Thread 0x0000016ddf6cf000 Exception <a 'java/lang/ClassNotFoundException'{0x0000000087926638}: com/android/build/gradle/internal/api/ReadOnlyBuildTypeBeanInfo> (0x0000000087926638) thrown at [./src/hotspot/share/classfile/systemDictionary.cpp, line 231]
Event: 844.654 Thread 0x0000016ddf6cf000 Exception <a 'java/lang/ClassNotFoundException'{0x0000000087941c70}: com/android/build/gradle/internal/api/ReadOnlyBaseConfigBeanInfo> (0x0000000087941c70) thrown at [./src/hotspot/share/classfile/systemDictionary.cpp, line 231]
Event: 844.654 Thread 0x0000016ddf6cf000 Exception <a 'java/lang/ClassNotFoundException'{0x000000008795db38}: com/android/build/gradle/internal/api/ReadOnlyBaseConfigCustomizer> (0x000000008795db38) thrown at [./src/hotspot/share/classfile/systemDictionary.cpp, line 231]
Event: 844.655 Thread 0x0000016ddf6cf000 Exception <a 'java/lang/ClassNotFoundException'{0x0000000087989b10}: com/android/build/gradle/internal/api/ReadOnlyBuildTypeCustomizer> (0x0000000087989b10) thrown at [./src/hotspot/share/classfile/systemDictionary.cpp, line 231]
Event: 844.668 Thread 0x0000016ddf6cf000 Exception <a 'java/lang/ClassNotFoundException'{0x00000000878f40d8}: com/android/build/gradle/internal/api/ImmutableFlavorListBeanInfo> (0x00000000878f40d8) thrown at [./src/hotspot/share/classfile/systemDictionary.cpp, line 231]
Event: 844.669 Thread 0x0000016ddf6cf000 Exception <a 'java/lang/ClassNotFoundException'{0x000000008770fa20}: com/android/build/gradle/internal/api/ImmutableFlavorListCustomizer> (0x000000008770fa20) thrown at [./src/hotspot/share/classfile/systemDictionary.cpp, line 231]
Event: 844.688 Thread 0x0000016ddf6cf000 Implicit null exception at 0x0000016dcb66b4b9 to 0x0000016dcb66b5f1
Event: 845.421 Thread 0x0000016ddf6cf000 Exception <a 'java/lang/NoSuchMethodError'{0x0000000088a4b4b8}: <clinit>> (0x0000000088a4b4b8) thrown at [./src/hotspot/share/prims/jni.cpp, line 1365]
Event: 845.427 Thread 0x0000016ddf6cf000 Exception <a 'java/lang/NoSuchMethodError'{0x0000000088a72168}: <clinit>> (0x0000000088a72168) thrown at [./src/hotspot/share/prims/jni.cpp, line 1365]
Event: 845.461 Thread 0x0000016ddf6cf000 Exception <a 'sun/nio/fs/WindowsException'{0x0000000088892310}> (0x0000000088892310) thrown at [./src/hotspot/share/prims/jni.cpp, line 615]
Event: 845.494 Thread 0x0000016de17c1000 Exception <a 'java/lang/NoSuchMethodError'{0x0000000088621a88}: <clinit>> (0x0000000088621a88) thrown at [./src/hotspot/share/prims/jni.cpp, line 1365]
Event: 845.495 Thread 0x0000016de17c1000 Exception <a 'java/lang/NoSuchMethodError'{0x000000008862f9e8}: <clinit>> (0x000000008862f9e8) thrown at [./src/hotspot/share/prims/jni.cpp, line 1365]
Event: 846.083 Thread 0x0000016ddf6d4800 Exception <a 'java/lang/NoSuchMethodError'{0x00000000892324a8}: 'java.lang.Object java.lang.invoke.DirectMethodHandle$Holder.newInvokeSpecial(java.lang.Object, java.lang.Object, java.lang.Object, java.lang.Object)'> (0x00000000892324a8) thrown at [./src/hotspot/share/interpreter/linkResolver.cpp, line 773]
Event: 846.654 Thread 0x0000016de17bf800 Exception <a 'java/lang/NoSuchMethodError'{0x00000000888d3490}: <clinit>> (0x00000000888d3490) thrown at [./src/hotspot/share/prims/jni.cpp, line 1365]

Events (20 events):
Event: 848.809 loading class org/apache/xerces/parsers/SAXParser
Event: 848.809 loading class org/apache/xerces/parsers/SAXParser done
Event: 848.810 loading class org/apache/xerces/parsers/AbstractSAXParser
Event: 848.810 loading class org/apache/xerces/parsers/AbstractSAXParser done
Event: 848.815 loading class org/apache/xerces/parsers/AbstractSAXParser$AttributesProxy
Event: 848.815 loading class org/apache/xerces/parsers/AbstractSAXParser$AttributesProxy done
Event: 848.819 loading class org/apache/xerces/dom/ParentNode$UserDataRecord
Event: 848.819 loading class org/apache/xerces/dom/ParentNode$UserDataRecord done
Event: 848.820 loading class org/apache/xerces/util/EntityResolver2Wrapper
Event: 848.820 loading class org/apache/xerces/util/EntityResolver2Wrapper done
Event: 848.821 loading class org/apache/xerces/impl/ExternalSubsetResolver
Event: 848.821 loading class org/apache/xerces/impl/ExternalSubsetResolver done
Event: 848.822 loading class org/apache/xerces/util/ErrorHandlerWrapper
Event: 848.822 loading class org/apache/xerces/util/ErrorHandlerWrapper done
Event: 848.823 loading class org/apache/xerces/parsers/AbstractSAXParser$LocatorProxy
Event: 848.823 loading class org/apache/xerces/parsers/AbstractSAXParser$LocatorProxy done
Event: 848.823 loading class com/android/utils/PositionXmlParser$Position
Event: 848.823 loading class com/android/utils/PositionXmlParser$Position done
Event: 852.150 Executing VM operation: G1CollectForAllocation
Event: 852.299 Executing VM operation: G1CollectForAllocation done


Dynamic libraries:
0x00007ff72d220000 - 0x00007ff72d22a000 	E:\Salem\Android Studio (Ins)\jre\bin\java.exe
0x00007ffd638e0000 - 0x00007ffd63ae9000 	C:\WINDOWS\SYSTEM32\ntdll.dll
0x00007ffd625f0000 - 0x00007ffd626ad000 	C:\WINDOWS\System32\KERNEL32.DLL
0x00007ffd61120000 - 0x00007ffd6149d000 	C:\WINDOWS\System32\KERNELBASE.dll
0x00007ffd4e6e0000 - 0x00007ffd4e6f9000 	E:\Salem\Android Studio (Ins)\jre\bin\jli.dll
0x00007ffd59a00000 - 0x00007ffd59a17000 	E:\Salem\Android Studio (Ins)\jre\bin\VCRUNTIME140.dll
0x00007ffd614a0000 - 0x00007ffd615b1000 	C:\WINDOWS\System32\ucrtbase.dll
0x00007ffd63360000 - 0x00007ffd6350d000 	C:\WINDOWS\System32\USER32.dll
0x00007ffd60dc0000 - 0x00007ffd60de6000 	C:\WINDOWS\System32\win32u.dll
0x00007ffd57100000 - 0x00007ffd573a5000 	C:\WINDOWS\WinSxS\amd64_microsoft.windows.common-controls_6595b64144ccf1df_6.0.22000.120_none_9d947278b86cc467\COMCTL32.dll
0x00007ffd63630000 - 0x00007ffd63659000 	C:\WINDOWS\System32\GDI32.dll
0x00007ffd61910000 - 0x00007ffd619b3000 	C:\WINDOWS\System32\msvcrt.dll
0x00007ffd60e90000 - 0x00007ffd60fa8000 	C:\WINDOWS\System32\gdi32full.dll
0x00007ffd60df0000 - 0x00007ffd60e8d000 	C:\WINDOWS\System32\msvcp_win.dll
0x00007ffd629e0000 - 0x00007ffd62a11000 	C:\WINDOWS\System32\IMM32.DLL
0x00007ffd38830000 - 0x00007ffd388cd000 	E:\Salem\Android Studio (Ins)\jre\bin\msvcp140.dll
0x00007ffce0640000 - 0x00007ffce1125000 	E:\Salem\Android Studio (Ins)\jre\bin\server\jvm.dll
0x00007ffd62870000 - 0x00007ffd6291e000 	C:\WINDOWS\System32\ADVAPI32.dll
0x00007ffd61ab0000 - 0x00007ffd61b4e000 	C:\WINDOWS\System32\sechost.dll
0x00007ffd63780000 - 0x00007ffd638a0000 	C:\WINDOWS\System32\RPCRT4.dll
0x00007ffd63350000 - 0x00007ffd63358000 	C:\WINDOWS\System32\PSAPI.DLL
0x00007ffd594e0000 - 0x00007ffd594e9000 	C:\WINDOWS\SYSTEM32\WSOCK32.dll
0x00007ffd58540000 - 0x00007ffd58573000 	C:\WINDOWS\SYSTEM32\WINMM.dll
0x00007ffd62500000 - 0x00007ffd6256f000 	C:\WINDOWS\System32\WS2_32.dll
0x00007ffd54840000 - 0x00007ffd5484a000 	C:\WINDOWS\SYSTEM32\VERSION.dll
0x00007ffd5ffb0000 - 0x00007ffd5ffc8000 	C:\WINDOWS\SYSTEM32\kernel.appcore.dll
0x00007ffd599e0000 - 0x00007ffd599f1000 	E:\Salem\Android Studio (Ins)\jre\bin\verify.dll
0x00007ffd5e290000 - 0x00007ffd5e4b1000 	C:\WINDOWS\SYSTEM32\DBGHELP.DLL
0x00007ffd4c720000 - 0x00007ffd4c751000 	C:\WINDOWS\SYSTEM32\dbgcore.DLL
0x00007ffd616f0000 - 0x00007ffd6176f000 	C:\WINDOWS\System32\bcryptPrimitives.dll
0x00007ffd58c40000 - 0x00007ffd58c69000 	E:\Salem\Android Studio (Ins)\jre\bin\java.dll
0x00007ffd59b00000 - 0x00007ffd59b0b000 	E:\Salem\Android Studio (Ins)\jre\bin\jimage.dll
0x00007ffd599c0000 - 0x00007ffd599d8000 	E:\Salem\Android Studio (Ins)\jre\bin\zip.dll
0x00007ffd61bb0000 - 0x00007ffd62368000 	C:\WINDOWS\System32\SHELL32.dll
0x00007ffd5ef40000 - 0x00007ffd5f7a8000 	C:\WINDOWS\SYSTEM32\windows.storage.dll
0x00007ffd62f70000 - 0x00007ffd632e9000 	C:\WINDOWS\System32\combase.dll
0x00007ffd5edd0000 - 0x00007ffd5ef36000 	C:\WINDOWS\SYSTEM32\wintypes.dll
0x00007ffd62410000 - 0x00007ffd624fa000 	C:\WINDOWS\System32\SHCORE.dll
0x00007ffd61b50000 - 0x00007ffd61bad000 	C:\WINDOWS\System32\shlwapi.dll
0x00007ffd60cf0000 - 0x00007ffd60d11000 	C:\WINDOWS\SYSTEM32\profapi.dll
0x00007ffd51cc0000 - 0x00007ffd51cda000 	E:\Salem\Android Studio (Ins)\jre\bin\net.dll
0x00007ffd59890000 - 0x00007ffd5999c000 	C:\WINDOWS\SYSTEM32\WINHTTP.dll
0x00007ffd603e0000 - 0x00007ffd60447000 	C:\WINDOWS\system32\mswsock.dll
0x00007ffd506d0000 - 0x00007ffd506e4000 	E:\Salem\Android Studio (Ins)\jre\bin\nio.dll
0x00007ffd4ed60000 - 0x00007ffd4ed87000 	C:\Users\User\.gradle\native\e1d6ef7f7dcc3fd88c89a11ec53ec762bb8ba0a96d01ffa2cd45eb1d1d8dd5c5\windows-amd64\native-platform.dll
0x00007ffd14280000 - 0x00007ffd143c4000 	C:\Users\User\.gradle\native\5664cfc778a61ccfe75a443a1ab52a65af34e5dc3c78e0209fed803814484fcb\windows-amd64\native-platform-file-events.dll
0x00007ffd59510000 - 0x00007ffd5951a000 	E:\Salem\Android Studio (Ins)\jre\bin\management.dll
0x00007ffd594d0000 - 0x00007ffd594dd000 	E:\Salem\Android Studio (Ins)\jre\bin\management_ext.dll
0x00007ffd60620000 - 0x00007ffd60638000 	C:\WINDOWS\SYSTEM32\CRYPTSP.dll
0x00007ffd5ff10000 - 0x00007ffd5ff45000 	C:\WINDOWS\system32\rsaenh.dll
0x00007ffd604d0000 - 0x00007ffd604f9000 	C:\WINDOWS\SYSTEM32\USERENV.dll
0x00007ffd607a0000 - 0x00007ffd607c7000 	C:\WINDOWS\SYSTEM32\bcrypt.dll
0x00007ffd60640000 - 0x00007ffd6064c000 	C:\WINDOWS\SYSTEM32\CRYPTBASE.dll
0x00007ffd5fae0000 - 0x00007ffd5fb0d000 	C:\WINDOWS\SYSTEM32\IPHLPAPI.DLL
0x00007ffd62920000 - 0x00007ffd62929000 	C:\WINDOWS\System32\NSI.dll
0x00007ffd59070000 - 0x00007ffd59089000 	C:\WINDOWS\SYSTEM32\dhcpcsvc6.DLL
0x00007ffd59270000 - 0x00007ffd5928e000 	C:\WINDOWS\SYSTEM32\dhcpcsvc.DLL
0x00007ffd5fb10000 - 0x00007ffd5fbf8000 	C:\WINDOWS\SYSTEM32\DNSAPI.dll

dbghelp: loaded successfully - version: 4.0.5 - missing functions: none
symbol engine: initialized successfully - sym options: 0x614 - pdb path: .;E:\Salem\Android Studio (Ins)\jre\bin;C:\WINDOWS\SYSTEM32;C:\WINDOWS\WinSxS\amd64_microsoft.windows.common-controls_6595b64144ccf1df_6.0.22000.120_none_9d947278b86cc467;E:\Salem\Android Studio (Ins)\jre\bin\server;C:\Users\User\.gradle\native\e1d6ef7f7dcc3fd88c89a11ec53ec762bb8ba0a96d01ffa2cd45eb1d1d8dd5c5\windows-amd64;C:\Users\User\.gradle\native\5664cfc778a61ccfe75a443a1ab52a65af34e5dc3c78e0209fed803814484fcb\windows-amd64

VM Arguments:
jvm_args: --add-opens=java.base/java.util=ALL-UNNAMED --add-opens=java.base/java.lang=ALL-UNNAMED --add-opens=java.base/java.lang.invoke=ALL-UNNAMED --add-opens=java.base/java.util=ALL-UNNAMED --add-opens=java.prefs/java.util.prefs=ALL-UNNAMED --add-opens=java.prefs/java.util.prefs=ALL-UNNAMED --add-opens=java.base/java.nio.charset=ALL-UNNAMED --add-opens=java.base/java.net=ALL-UNNAMED --add-opens=java.base/java.util.concurrent.atomic=ALL-UNNAMED -Xmx2048m -Dfile.encoding=UTF-8 -Duser.country=US -Duser.language=en -Duser.variant 
java_command: org.gradle.launcher.daemon.bootstrap.GradleDaemon 7.3.3
java_class_path (initial): C:\Users\User\.gradle\wrapper\dists\gradle-7.3.3-bin\6a41zxkdtcxs8rphpq6y0069z\gradle-7.3.3\lib\gradle-launcher-7.3.3.jar
Launcher Type: SUN_STANDARD

[Global flags]
     intx CICompilerCount                          = 4                                         {product} {ergonomic}
     uint ConcGCThreads                            = 2                                         {product} {ergonomic}
     uint G1ConcRefinementThreads                  = 8                                         {product} {ergonomic}
   size_t G1HeapRegionSize                         = 1048576                                   {product} {ergonomic}
    uintx GCDrainStackTargetSize                   = 64                                        {product} {ergonomic}
   size_t InitialHeapSize                          = 130023424                                 {product} {ergonomic}
   size_t MarkStackSize                            = 4194304                                   {product} {ergonomic}
   size_t MaxHeapSize                              = 2147483648                                {product} {command line}
   size_t MaxNewSize                               = 1287651328                                {product} {ergonomic}
   size_t MinHeapDeltaBytes                        = 1048576                                   {product} {ergonomic}
    uintx NonNMethodCodeHeapSize                   = 5836300                                {pd product} {ergonomic}
    uintx NonProfiledCodeHeapSize                  = 122910970                              {pd product} {ergonomic}
    uintx ProfiledCodeHeapSize                     = 122910970                              {pd product} {ergonomic}
    uintx ReservedCodeCacheSize                    = 251658240                              {pd product} {ergonomic}
     bool SegmentedCodeCache                       = true                                      {product} {ergonomic}
     bool UseCompressedClassPointers               = true                                 {lp64_product} {ergonomic}
     bool UseCompressedOops                        = true                                 {lp64_product} {ergonomic}
     bool UseG1GC                                  = true                                      {product} {ergonomic}
     bool UseLargePagesIndividualAllocation        = false                                  {pd product} {ergonomic}

Logging:
Log output configuration:
 #0: stdout all=warning uptime,level,tags
 #1: stderr all=off uptime,level,tags

Environment Variables:
PATH=C:\WINDOWS\system32;C:\WINDOWS;C:\WINDOWS\System32\Wbem;C:\WINDOWS\System32\WindowsPowerShell\v1.0\;C:\WINDOWS\System32\OpenSSH\;C:\Users\User\AppData\Local\Microsoft\WindowsApps;
USERNAME=User
OS=Windows_NT
PROCESSOR_IDENTIFIER=Intel64 Family 6 Model 140 Stepping 1, GenuineIntel



---------------  S Y S T E M  ---------------

OS: Windows 10 , 64 bit Build 22000 (10.0.22000.708)
OS uptime: 0 days 4:15 hours

CPU:total 8 (initial active 8) (4 cores per cpu, 2 threads per core) family 6 model 140 stepping 1 microcode 0x86, cmov, cx8, fxsr, mmx, sse, sse2, sse3, ssse3, sse4.1, sse4.2, popcnt, avx, avx2, aes, clmul, erms, 3dnowpref, lzcnt, ht, tsc, tscinvbit, bmi1, bmi2, adx, evex, sha, fma

Memory: 4k page, system-wide physical 7885M (50M free)
TotalPageFile size 20867M (AvailPageFile size 0M)
current process WorkingSet (physical memory assigned to process): 52M, peak: 408M
current process commit charge ("private bytes"): 598M, peak: 625M

vm_info: OpenJDK 64-Bit Server VM (11.0.12+7-b1504.28-7817840) for windows-amd64 JRE (11.0.12+7-b1504.28-7817840), built on Oct 13 2021 22:12:33 by "builder" with MS VC++ 14.0 (VS2015)

END.
